19:44:00 - logger - INFO - [94mLog file initialized at: /home/alex/Desktop/mesh-gen/data/output/c3040_09-03-19-44/log.log[0m
19:44:00 - run - INFO - [94mOuput folder: /home/alex/Desktop/mesh-gen/data/output/c3040_09-03-19-44[0m
19:44:00 - run - INFO - [94mProcessing file: /home/alex/Desktop/mesh-gen/data/c3040.stl[0m
19:44:00 - mesh_generation - INFO - [94mInitial pore area: 8 mm² and initial radius: 4.298279727294168 mm[0m
19:44:00 - mesh_generation - DEBUG - Initial number of simplices: 88
19:44:02 - mesh_generation - DEBUG - iteration 1
19:44:03 - mesh_generation - DEBUG - iteration 2
19:44:04 - mesh_generation - DEBUG - iteration 3
19:44:05 - mesh_generation - DEBUG - iteration 4
19:44:07 - mesh_generation - DEBUG - iteration 5
19:44:08 - mesh_generation - DEBUG - iteration 6
19:44:09 - mesh_generation - DEBUG - iteration 7
19:44:10 - mesh_generation - DEBUG - iteration 8
19:44:12 - mesh_generation - DEBUG - iteration 9
19:44:13 - mesh_generation - DEBUG - iteration 10
19:44:14 - mesh_generation - INFO - [94mNo polyhedrons created. Process finished.[0m
19:44:15 - mesh_generation - INFO - [94mGraph saved in /home/alex/Desktop/mesh-gen/data/output/c3040_09-03-19-44/G.pickle[0m
19:44:15 - mesh_generation - INFO - [94mAdjacency matrix and connectivity arrays saved in                          /home/alex/Desktop/mesh-gen/data/output/c3040_09-03-19-44/adjacency_matrix.npz[0m
19:44:15 - stl_generation - INFO - [94mLoading graph from pickle file: /home/alex/Desktop/mesh-gen/data/output/c3040_09-03-19-44/G.pickle[0m
19:44:15 - stl_generation - INFO - [94mInitialized mesh generation process[0m
19:44:15 - stl_generation - INFO - [94mGenerating polygons in edges...[0m
19:44:16 - stl_generation - INFO - [94mFixing mesh in process...[0m
19:44:20 - stl_generation - DEBUG - Fixing mesh completed. 859 edges removes.
19:44:21 - stl_generation - INFO - [94mGenerating vertices hulls...[0m
19:44:23 - stl_generation - INFO - [94mGenerating struts...[0m
19:44:28 - stl_generation - INFO - [94mGenerating mesh...[0m
19:44:29 - stl_generation - WARNING - [93mError while subdividing the mesh: Some edges are shared by more than 2 faces. Retrying with half of loops.[0m
19:44:29 - stl_generation - WARNING - [93mError while subdividing the mesh again: Some edges are shared by more than 2 faces. No subdivision can be made. Saving the original mesh.[0m
19:44:29 - stl_generation - INFO - [92mMesh saved at /home/alex/Desktop/mesh-gen/data/output/c3040_09-03-19-44[0m
19:44:29 - logger - INFO - [92mFinished! Execution time: 0 minutes and 29 seconds[0m
