15:29:06 - logger - INFO - [94mLog file initialized at: /home/alex/Desktop/mesh-gen/data/output/Cylinder_04-03-15-29/log.log[0m
15:29:06 - run - INFO - [94mOuput folder: /home/alex/Desktop/mesh-gen/data/output/Cylinder_04-03-15-29[0m
15:29:06 - run - INFO - [94mProcessing file: /home/alex/Desktop/mesh-gen/data/Cylinder.stl[0m
15:29:06 - mesh_generation - INFO - [94mInitial pore area: 8 mm² and initial radius: 4.298279727294168 mm[0m
15:29:06 - mesh_generation - DEBUG - Initial number of simplices: 37
15:29:09 - mesh_generation - DEBUG - iteration 1
15:29:10 - mesh_generation - DEBUG - iteration 2
15:29:12 - mesh_generation - DEBUG - iteration 3
15:29:13 - mesh_generation - DEBUG - iteration 4
15:29:14 - mesh_generation - DEBUG - iteration 5
15:29:15 - mesh_generation - DEBUG - iteration 6
15:29:15 - mesh_generation - DEBUG - iteration 7
15:29:16 - mesh_generation - INFO - [94mNo polyhedrons created. Process finished.[0m
15:29:22 - mesh_generation - INFO - [94mGraph saved in /home/alex/Desktop/mesh-gen/data/output/Cylinder_04-03-15-29/G.pickle[0m
15:29:22 - stl_generation - INFO - [94mLoading graph from pickle file: /home/alex/Desktop/mesh-gen/data/output/Cylinder_04-03-15-29/G.pickle[0m
15:29:22 - stl_generation - INFO - [94mInitialized mesh generation process[0m
15:29:22 - stl_generation - INFO - [94mGenerating polygons in edges...[0m
15:29:22 - stl_generation - WARNING - [93mEdge 83 too short. Subdivision mesh will probably fail. Consider merging close nodes.[0m
15:29:22 - stl_generation - INFO - [94mGenerating vertices hulls...[0m
15:29:23 - stl_generation - INFO - [94mGenerating struts...[0m
15:29:24 - stl_generation - INFO - [94mGenerating mesh...[0m
15:29:24 - stl_generation - WARNING - [93mError while subdividing the mesh: Some edges are shared by more than 2 faces. Retrying with half of loops.[0m
15:29:24 - stl_generation - WARNING - [93mError while subdividing the mesh again: Some edges are shared by more than 2 faces. No subdivision can be made. Saving the original mesh.[0m
15:30:05 - stl_generation - INFO - [92mMesh saved at /home/alex/Desktop/mesh-gen/data/output/Cylinder_04-03-15-29[0m
15:30:05 - logger - INFO - [92mFinished! Execution time: 0 minutes and 59 seconds[0m
