12:43:24 - logger - INFO - [94mLog file initialized at: /home/alex/Desktop/mesh-gen/data/output/Cylinder_07-03-12-43/log.log[0m
12:43:24 - run - INFO - [94mOuput folder: /home/alex/Desktop/mesh-gen/data/output/Cylinder_07-03-12-43[0m
12:43:24 - run - INFO - [94mProcessing file: /home/alex/Desktop/mesh-gen/data/Cylinder.stl[0m
12:43:24 - mesh_generation - INFO - [94mInitial pore area: 4 mm² and initial radius: 3.0393427426063706 mm[0m
12:43:24 - mesh_generation - DEBUG - Initial number of simplices: 70
12:43:28 - mesh_generation - DEBUG - iteration 1
12:43:30 - mesh_generation - DEBUG - iteration 2
12:43:34 - mesh_generation - DEBUG - iteration 3
12:43:37 - mesh_generation - DEBUG - iteration 4
12:43:40 - mesh_generation - DEBUG - iteration 5
12:43:43 - mesh_generation - DEBUG - iteration 6
12:43:45 - mesh_generation - DEBUG - iteration 7
12:43:48 - mesh_generation - DEBUG - iteration 8
12:43:50 - mesh_generation - DEBUG - iteration 9
12:43:52 - mesh_generation - INFO - [94mNo polyhedrons created. Process finished.[0m
12:43:53 - mesh_generation - INFO - [94mGraph saved in /home/alex/Desktop/mesh-gen/data/output/Cylinder_07-03-12-43/G.pickle[0m
12:43:53 - mesh_generation - INFO - [94mAdjacency matrix and connectivity arrays saved in                          /home/alex/Desktop/mesh-gen/data/output/Cylinder_07-03-12-43/adjacency_matrix.npz[0m
12:43:53 - stl_generation - INFO - [94mLoading graph from pickle file: /home/alex/Desktop/mesh-gen/data/output/Cylinder_07-03-12-43/G.pickle[0m
12:43:53 - stl_generation - INFO - [94mInitialized mesh generation process[0m
12:43:53 - stl_generation - INFO - [94mGenerating polygons in edges...[0m
12:43:54 - stl_generation - INFO - [94mFixing mesh in process...[0m
12:43:57 - stl_generation - DEBUG - Fixing mesh completed. 977 edges removes.
12:43:58 - stl_generation - INFO - [94mGenerating vertices hulls...[0m
12:43:59 - stl_generation - INFO - [94mGenerating struts...[0m
12:44:02 - stl_generation - INFO - [94mGenerating mesh...[0m
12:44:02 - stl_generation - WARNING - [93mError while subdividing the mesh: Some edges are shared by more than 2 faces. Retrying with half of loops.[0m
12:44:02 - stl_generation - WARNING - [93mError while subdividing the mesh again: Some edges are shared by more than 2 faces. No subdivision can be made. Saving the original mesh.[0m
12:44:02 - stl_generation - INFO - [92mMesh saved at /home/alex/Desktop/mesh-gen/data/output/Cylinder_07-03-12-43[0m
12:44:02 - logger - INFO - [92mFinished! Execution time: 0 minutes and 38 seconds[0m
