18:40:43 - config - INFO - [94mLog file initialized at: /home/alex/Desktop/mesh-gen/data/output/Cylinder_20-05-18-40/log.log[0m
18:40:43 - run - INFO - [94mOuput folder: /home/alex/Desktop/mesh-gen/data/output/Cylinder_20-05-18-40[0m
18:40:43 - run - INFO - [94mProcessing file: /home/alex/Desktop/mesh-gen/data/Cylinder.stl[0m
18:40:43 - mesh_generation - INFO - [94mInitial pore area: 10 mm² and initial radius: 4.805622828269509 mm[0m
18:40:43 - mesh_generation - DEBUG - Initial number of simplices: 28
18:40:44 - mesh_generation - DEBUG - iteration 1
18:40:46 - mesh_generation - DEBUG - iteration 2
18:40:48 - mesh_generation - DEBUG - iteration 3
18:40:50 - mesh_generation - DEBUG - iteration 4
18:40:51 - mesh_generation - DEBUG - iteration 5
18:40:53 - mesh_generation - DEBUG - iteration 6
18:40:55 - mesh_generation - DEBUG - iteration 7
18:41:09 - mesh_generation - DEBUG - iteration 8
18:41:13 - mesh_generation - DEBUG - iteration 9
18:41:17 - mesh_generation - DEBUG - iteration 10
18:41:21 - mesh_generation - DEBUG - iteration 11
18:41:22 - mesh_generation - DEBUG - iteration 12
18:41:24 - mesh_generation - DEBUG - iteration 13
18:41:24 - mesh_generation - DEBUG - iteration 14
18:41:26 - mesh_generation - DEBUG - iteration 15
18:41:27 - mesh_generation - DEBUG - iteration 16
18:41:28 - mesh_generation - DEBUG - iteration 17
18:41:29 - mesh_generation - DEBUG - iteration 18
18:41:31 - mesh_generation - DEBUG - iteration 19
18:41:32 - mesh_generation - DEBUG - iteration 20
18:41:35 - mesh_generation - DEBUG - iteration 21
18:41:37 - mesh_generation - DEBUG - iteration 22
18:41:39 - mesh_generation - DEBUG - iteration 23
18:41:42 - mesh_generation - DEBUG - iteration 24
18:41:44 - mesh_generation - DEBUG - iteration 25
18:41:46 - mesh_generation - DEBUG - iteration 26
18:41:49 - mesh_generation - DEBUG - iteration 27
18:41:51 - mesh_generation - DEBUG - iteration 28
