18:42:50 - config - INFO - [94mLog file initialized at: /home/alex/Desktop/mesh-gen/data/output/Cylinder_20-05-18-42/log.log[0m
18:42:50 - run - INFO - [94mOuput folder: /home/alex/Desktop/mesh-gen/data/output/Cylinder_20-05-18-42[0m
18:42:50 - run - INFO - [94mProcessing file: /home/alex/Desktop/mesh-gen/data/Cylinder.stl[0m
18:42:50 - mesh_generation - INFO - [94mInitial pore area: 10 mm² and initial radius: 4.805622828269509 mm[0m
18:42:50 - mesh_generation - DEBUG - Initial number of simplices: 28
18:42:51 - mesh_generation - DEBUG - iteration 1
18:42:53 - mesh_generation - DEBUG - iteration 2
18:42:54 - mesh_generation - DEBUG - iteration 3
18:42:56 - mesh_generation - DEBUG - iteration 4
18:42:58 - mesh_generation - DEBUG - iteration 5
18:42:59 - mesh_generation - DEBUG - iteration 6
18:43:01 - mesh_generation - DEBUG - iteration 7
18:43:04 - mesh_generation - DEBUG - iteration 8
18:43:05 - mesh_generation - DEBUG - iteration 9
18:43:06 - mesh_generation - DEBUG - iteration 10
18:43:08 - mesh_generation - DEBUG - iteration 11
18:43:09 - mesh_generation - DEBUG - iteration 12
18:43:10 - mesh_generation - DEBUG - iteration 13
18:43:11 - mesh_generation - DEBUG - iteration 14
18:43:13 - mesh_generation - DEBUG - iteration 15
