10:36:49 - config - INFO - [94mLog file initialized at: /home/alex/Desktop/mesh-gen/data/output/Part_17-07-10-36/log.log[0m
10:36:49 - run - INFO - [94mOuput folder: /home/alex/Desktop/mesh-gen/data/output/Part_17-07-10-36[0m
10:36:49 - run - INFO - [94mProcessing file: /home/alex/Desktop/mesh-gen/data/Part.stl[0m
10:36:49 - mesh_generation - INFO - [94mInitial pore area: 80 mm² and initial radius: 13.59235395877698 mm[0m
10:36:50 - mesh_generation - DEBUG - Initial number of simplices: 213
10:36:51 - mesh_generation - DEBUG - iteration 1
10:36:52 - mesh_generation - DEBUG - iteration 2
10:36:53 - mesh_generation - DEBUG - iteration 3
10:36:55 - mesh_generation - DEBUG - iteration 4
10:36:56 - mesh_generation - DEBUG - iteration 5
10:36:57 - mesh_generation - DEBUG - iteration 6
10:36:58 - mesh_generation - DEBUG - iteration 7
10:36:59 - mesh_generation - DEBUG - iteration 8
10:37:01 - mesh_generation - DEBUG - iteration 9
10:37:03 - mesh_generation - DEBUG - iteration 10
10:37:04 - mesh_generation - DEBUG - iteration 11
10:37:06 - mesh_generation - DEBUG - iteration 12
10:37:07 - mesh_generation - DEBUG - iteration 13
10:37:08 - mesh_generation - DEBUG - iteration 14
10:37:09 - mesh_generation - DEBUG - iteration 15
10:37:10 - mesh_generation - DEBUG - iteration 16
10:37:11 - mesh_generation - DEBUG - iteration 17
10:37:12 - mesh_generation - DEBUG - iteration 18
10:37:14 - mesh_generation - DEBUG - iteration 19
10:37:15 - mesh_generation - DEBUG - iteration 20
10:37:16 - mesh_generation - DEBUG - iteration 21
10:37:17 - mesh_generation - DEBUG - iteration 22
10:37:19 - mesh_generation - DEBUG - iteration 23
10:37:20 - mesh_generation - DEBUG - iteration 24
10:37:21 - mesh_generation - DEBUG - iteration 25
10:37:23 - mesh_generation - DEBUG - iteration 26
10:37:24 - mesh_generation - DEBUG - iteration 27
10:37:26 - mesh_generation - DEBUG - iteration 28
10:37:27 - mesh_generation - DEBUG - iteration 29
10:37:28 - mesh_generation - DEBUG - iteration 30
10:37:30 - mesh_generation - DEBUG - iteration 31
10:37:31 - mesh_generation - DEBUG - iteration 32
10:37:33 - mesh_generation - DEBUG - iteration 33
10:37:34 - mesh_generation - DEBUG - iteration 34
10:37:36 - mesh_generation - DEBUG - iteration 35
10:37:37 - mesh_generation - DEBUG - iteration 36
10:37:38 - mesh_generation - DEBUG - iteration 37
10:37:40 - mesh_generation - DEBUG - iteration 38
10:37:41 - mesh_generation - DEBUG - iteration 39
10:37:43 - mesh_generation - DEBUG - iteration 40
10:37:44 - mesh_generation - DEBUG - iteration 41
10:37:46 - mesh_generation - DEBUG - iteration 42
10:37:47 - mesh_generation - DEBUG - iteration 43
10:37:48 - mesh_generation - DEBUG - iteration 44
10:37:50 - mesh_generation - DEBUG - iteration 45
10:37:52 - mesh_generation - DEBUG - iteration 46
10:37:53 - mesh_generation - DEBUG - iteration 47
10:37:54 - mesh_generation - DEBUG - iteration 48
10:37:56 - mesh_generation - DEBUG - iteration 49
10:37:57 - mesh_generation - DEBUG - iteration 50
10:37:59 - mesh_generation - DEBUG - iteration 51
10:38:00 - mesh_generation - DEBUG - iteration 52
10:38:02 - mesh_generation - DEBUG - iteration 53
10:38:03 - mesh_generation - DEBUG - iteration 54
10:38:05 - mesh_generation - DEBUG - iteration 55
10:38:06 - mesh_generation - DEBUG - iteration 56
10:38:08 - mesh_generation - DEBUG - iteration 57
10:38:09 - mesh_generation - DEBUG - iteration 58
10:38:11 - mesh_generation - DEBUG - iteration 59
10:38:12 - mesh_generation - DEBUG - iteration 60
10:38:14 - mesh_generation - DEBUG - iteration 61
10:38:15 - mesh_generation - DEBUG - iteration 62
10:38:17 - mesh_generation - DEBUG - iteration 63
10:38:18 - mesh_generation - DEBUG - iteration 64
