20:50:47 - logger - INFO - [94mLog file initialized at: /home/alex/Desktop/mesh-gen/data/output/c3040_09-03-20-50/log.log[0m
20:50:47 - run - INFO - [94mOuput folder: /home/alex/Desktop/mesh-gen/data/output/c3040_09-03-20-50[0m
20:50:47 - run - INFO - [94mProcessing file: /home/alex/Desktop/mesh-gen/data/c3040.stl[0m
20:50:47 - mesh_generation - INFO - [94mInitial pore area: 11.538461538461538 mm² and initial radius: 5.885661912765424 mm[0m
20:50:47 - mesh_generation - DEBUG - Initial number of simplices: 61
20:50:48 - mesh_generation - DEBUG - iteration 1
20:50:49 - mesh_generation - DEBUG - iteration 2
20:50:50 - mesh_generation - DEBUG - iteration 3
20:50:51 - mesh_generation - DEBUG - iteration 4
20:50:52 - mesh_generation - DEBUG - iteration 5
20:50:53 - mesh_generation - DEBUG - iteration 6
20:50:54 - mesh_generation - DEBUG - iteration 7
20:50:55 - mesh_generation - DEBUG - iteration 8
20:50:56 - mesh_generation - DEBUG - iteration 9
20:50:57 - mesh_generation - INFO - [94mNo polyhedrons created. Process finished.[0m
20:50:57 - mesh_generation - INFO - [94mGraph saved in /home/alex/Desktop/mesh-gen/data/output/c3040_09-03-20-50/G.pickle[0m
20:50:57 - mesh_generation - INFO - [94mAdjacency matrix and connectivity arrays saved in                          /home/alex/Desktop/mesh-gen/data/output/c3040_09-03-20-50/adjacency_matrix.npz[0m
20:50:57 - stl_generation - INFO - [94mLoading graph from pickle file: /home/alex/Desktop/mesh-gen/data/output/c3040_09-03-20-50/G.pickle[0m
20:50:57 - stl_generation - INFO - [94mInitialized mesh generation process[0m
20:50:57 - stl_generation - INFO - [94mGenerating polygons in edges...[0m
20:50:58 - stl_generation - INFO - [94mFixing mesh in process...[0m
20:50:59 - stl_generation - DEBUG - Fixing mesh completed. 302 edges removes.
20:51:00 - stl_generation - INFO - [94mGenerating vertices hulls...[0m
20:51:01 - stl_generation - INFO - [94mGenerating struts...[0m
20:51:05 - stl_generation - INFO - [94mGenerating mesh...[0m
20:51:05 - stl_generation - WARNING - [93mError while subdividing the mesh: Some edges are shared by more than 2 faces. Retrying with half of loops.[0m
20:51:05 - stl_generation - WARNING - [93mError while subdividing the mesh again: Some edges are shared by more than 2 faces. No subdivision can be made. Saving the original mesh.[0m
20:51:05 - stl_generation - INFO - [92mMesh saved at /home/alex/Desktop/mesh-gen/data/output/c3040_09-03-20-50[0m
20:51:05 - logger - INFO - [92mFinished! Execution time: 0 minutes and 17 seconds[0m
