20:34:21 - logger - INFO - [94mLog file initialized at: /home/alex/Desktop/mesh-gen/data/output/c3040_09-03-20-34/log.log[0m
20:34:21 - run - INFO - [94mOuput folder: /home/alex/Desktop/mesh-gen/data/output/c3040_09-03-20-34[0m
20:34:21 - run - INFO - [94mProcessing file: /home/alex/Desktop/mesh-gen/data/c3040.stl[0m
20:34:21 - mesh_generation - INFO - [94mInitial pore area: 13.333333333333334 mm² and initial radius: 6.79617697938849 mm[0m
20:34:21 - mesh_generation - DEBUG - Initial number of simplices: 50
20:34:22 - mesh_generation - DEBUG - iteration 1
20:34:23 - mesh_generation - DEBUG - iteration 2
20:34:24 - mesh_generation - DEBUG - iteration 3
20:34:24 - mesh_generation - DEBUG - iteration 4
20:34:25 - mesh_generation - DEBUG - iteration 5
20:34:26 - mesh_generation - DEBUG - iteration 6
20:34:27 - mesh_generation - DEBUG - iteration 7
20:34:27 - mesh_generation - INFO - [94mNo polyhedrons created. Process finished.[0m
20:34:28 - mesh_generation - INFO - [94mGraph saved in /home/alex/Desktop/mesh-gen/data/output/c3040_09-03-20-34/G.pickle[0m
20:34:28 - mesh_generation - INFO - [94mAdjacency matrix and connectivity arrays saved in                          /home/alex/Desktop/mesh-gen/data/output/c3040_09-03-20-34/adjacency_matrix.npz[0m
20:34:28 - stl_generation - INFO - [94mLoading graph from pickle file: /home/alex/Desktop/mesh-gen/data/output/c3040_09-03-20-34/G.pickle[0m
20:34:28 - stl_generation - INFO - [94mInitialized mesh generation process[0m
20:34:28 - stl_generation - INFO - [94mGenerating polygons in edges...[0m
20:34:28 - stl_generation - INFO - [94mFixing mesh in process...[0m
20:34:29 - stl_generation - DEBUG - Fixing mesh completed. 139 edges removes.
20:34:29 - stl_generation - INFO - [94mGenerating vertices hulls...[0m
20:34:30 - stl_generation - INFO - [94mGenerating struts...[0m
20:34:33 - stl_generation - INFO - [94mGenerating mesh...[0m
20:34:33 - stl_generation - WARNING - [93mError while subdividing the mesh: Some edges are shared by more than 2 faces. Retrying with half of loops.[0m
20:34:33 - stl_generation - WARNING - [93mError while subdividing the mesh again: Some edges are shared by more than 2 faces. No subdivision can be made. Saving the original mesh.[0m
20:34:33 - stl_generation - INFO - [92mMesh saved at /home/alex/Desktop/mesh-gen/data/output/c3040_09-03-20-34[0m
20:34:33 - logger - INFO - [92mFinished! Execution time: 0 minutes and 12 seconds[0m
