15:27:49 - logger - INFO - [94mLog file initialized at: /home/alex/Desktop/mesh-gen/data/output/Cylinder_04-03-15-27/log.log[0m
15:27:49 - run - INFO - [94mOuput folder: /home/alex/Desktop/mesh-gen/data/output/Cylinder_04-03-15-27[0m
15:27:49 - run - INFO - [94mProcessing file: /home/alex/Desktop/mesh-gen/data/Cylinder.stl[0m
15:27:49 - mesh_generation - INFO - [94mInitial pore area: 10 mm² and initial radius: 4.805622828269509 mm[0m
15:27:49 - mesh_generation - DEBUG - Initial number of simplices: 28
15:27:51 - mesh_generation - DEBUG - iteration 1
15:27:51 - mesh_generation - DEBUG - iteration 2
15:27:52 - mesh_generation - DEBUG - iteration 3
15:27:53 - mesh_generation - DEBUG - iteration 4
15:27:54 - mesh_generation - DEBUG - iteration 5
15:27:54 - mesh_generation - INFO - [94mNo polyhedrons created. Process finished.[0m
15:27:59 - mesh_generation - INFO - [94mGraph saved in /home/alex/Desktop/mesh-gen/data/output/Cylinder_04-03-15-27/G.pickle[0m
15:27:59 - stl_generation - INFO - [94mLoading graph from pickle file: /home/alex/Desktop/mesh-gen/data/output/Cylinder_04-03-15-27/G.pickle[0m
15:27:59 - stl_generation - INFO - [94mInitialized mesh generation process[0m
15:27:59 - stl_generation - INFO - [94mGenerating polygons in edges...[0m
15:27:59 - stl_generation - INFO - [94mGenerating vertices hulls...[0m
15:27:59 - stl_generation - INFO - [94mGenerating struts...[0m
15:28:00 - stl_generation - INFO - [94mGenerating mesh...[0m
15:28:23 - stl_generation - INFO - [92mMesh saved at /home/alex/Desktop/mesh-gen/data/output/Cylinder_04-03-15-27[0m
15:28:23 - logger - INFO - [92mFinished! Execution time: 0 minutes and 33 seconds[0m
