16:48:33 - config - INFO - [94mLog file initialized at: /home/alex/Desktop/mesh-gen/data/output/Part_16-07-16-48/log.log[0m
16:48:33 - run - INFO - [94mOuput folder: /home/alex/Desktop/mesh-gen/data/output/Part_16-07-16-48[0m
16:48:33 - run - INFO - [94mProcessing file: /home/alex/Desktop/mesh-gen/data/Part.stl[0m
16:48:33 - mesh_generation - INFO - [94mInitial pore area: 80 mm² and initial radius: 13.59235395877698 mm[0m
16:48:34 - mesh_generation - DEBUG - Initial number of simplices: 213
16:48:34 - mesh_generation - DEBUG - iteration 1
16:48:35 - mesh_generation - DEBUG - iteration 2
16:48:36 - mesh_generation - DEBUG - iteration 3
16:48:37 - mesh_generation - DEBUG - iteration 4
16:48:38 - mesh_generation - DEBUG - iteration 5
16:48:39 - mesh_generation - DEBUG - iteration 6
16:48:40 - mesh_generation - DEBUG - iteration 7
16:48:40 - mesh_generation - DEBUG - iteration 8
16:48:41 - mesh_generation - DEBUG - iteration 9
16:48:42 - mesh_generation - DEBUG - iteration 10
16:48:43 - mesh_generation - DEBUG - iteration 11
16:48:44 - mesh_generation - DEBUG - iteration 12
16:48:45 - mesh_generation - DEBUG - iteration 13
16:48:46 - mesh_generation - DEBUG - iteration 14
16:48:47 - mesh_generation - DEBUG - iteration 15
16:48:48 - mesh_generation - DEBUG - iteration 16
16:48:49 - mesh_generation - DEBUG - iteration 17
16:48:51 - mesh_generation - DEBUG - iteration 18
16:48:52 - mesh_generation - DEBUG - iteration 19
16:48:53 - mesh_generation - DEBUG - iteration 20
16:48:54 - mesh_generation - DEBUG - iteration 21
16:48:56 - mesh_generation - DEBUG - iteration 22
16:48:58 - mesh_generation - DEBUG - iteration 23
16:49:00 - mesh_generation - DEBUG - iteration 24
16:49:02 - mesh_generation - INFO - [94mNo polyhedrons created. Process finished.[0m
