10:52:21 - logger - INFO - [94mLog file initialized at: /home/alex/Desktop/mesh-gen/data/output/Cylinder_07-03-10-52/log.log[0m
10:52:21 - run - INFO - [94mOuput folder: /home/alex/Desktop/mesh-gen/data/output/Cylinder_07-03-10-52[0m
10:52:21 - run - INFO - [94mPickle file found in tmp folder. Using precomputed mesh[0m
10:52:21 - stl_generation - INFO - [94mLoading graph from pickle file: /home/alex/Desktop/mesh-gen/tmp/G.pickle[0m
10:52:21 - stl_generation - INFO - [94mInitialized mesh generation process[0m
10:52:21 - stl_generation - INFO - [94mGenerating polygons in edges...[0m
10:52:21 - stl_generation - WARNING - [93mEdge 88 too short. Subdivision mesh will probably fail. Consider merging close nodes.[0m
10:52:21 - stl_generation - WARNING - [93mEdge 126 too short. Subdivision mesh will probably fail. Consider merging close nodes.[0m
10:52:21 - stl_generation - INFO - [94mGenerating vertices hulls...[0m
10:52:22 - stl_generation - INFO - [94mGenerating struts...[0m
10:52:23 - stl_generation - INFO - [94mGenerating mesh...[0m
10:52:23 - stl_generation - WARNING - [93mError while subdividing the mesh: Some edges are shared by more than 2 faces. Retrying with half of loops.[0m
10:52:23 - stl_generation - WARNING - [93mError while subdividing the mesh again: Some edges are shared by more than 2 faces. No subdivision can be made. Saving the original mesh.[0m
10:52:46 - stl_generation - INFO - [92mMesh saved at /home/alex/Desktop/mesh-gen/data/output/Cylinder_07-03-10-52[0m
10:52:46 - logger - INFO - [92mFinished! Execution time: 0 minutes and 25 seconds[0m
10:52:52 - logger - INFO - [94mLog file initialized at: /home/alex/Desktop/mesh-gen/data/output/Cylinder_07-03-10-52/log.log[0m
10:52:52 - run - INFO - [94mOuput folder: /home/alex/Desktop/mesh-gen/data/output/Cylinder_07-03-10-52[0m
10:52:52 - run - INFO - [94mPickle file found in tmp folder. Using precomputed mesh[0m
10:52:52 - stl_generation - INFO - [94mLoading graph from pickle file: /home/alex/Desktop/mesh-gen/tmp/G.pickle[0m
10:52:52 - stl_generation - INFO - [94mInitialized mesh generation process[0m
10:52:52 - stl_generation - INFO - [94mGenerating polygons in edges...[0m
10:52:52 - stl_generation - WARNING - [93mEdge 88 too short. Subdivision mesh will probably fail. Consider merging close nodes.[0m
10:52:52 - stl_generation - INFO - [94mGenerating vertices hulls...[0m
10:52:53 - stl_generation - INFO - [94mGenerating struts...[0m
10:52:54 - stl_generation - INFO - [94mGenerating mesh...[0m
10:52:54 - stl_generation - WARNING - [93mError while subdividing the mesh: Some edges are shared by more than 2 faces. Retrying with half of loops.[0m
10:52:54 - stl_generation - WARNING - [93mError while subdividing the mesh again: Some edges are shared by more than 2 faces. No subdivision can be made. Saving the original mesh.[0m
10:57:10 - stl_generation - INFO - [92mMesh saved at /home/alex/Desktop/mesh-gen/data/output/Cylinder_07-03-10-52[0m
10:57:10 - logger - INFO - [92mFinished! Execution time: 4 minutes and 18 seconds[0m
