11:01:34 - config - INFO - [94mLog file initialized at: /home/alex/Desktop/mesh-gen/data/output/Part_17-07-11-01/log.log[0m
11:01:34 - run - INFO - [94mOuput folder: /home/alex/Desktop/mesh-gen/data/output/Part_17-07-11-01[0m
11:01:34 - run - INFO - [94mProcessing file: /home/alex/Desktop/mesh-gen/data/Part.stl[0m
11:01:34 - mesh_generation - INFO - [94mInitial pore area: 80 mm² and initial radius: 13.59235395877698 mm[0m
11:01:34 - mesh_generation - DEBUG - Initial number of simplices: 213
11:01:35 - mesh_generation - DEBUG - iteration 1
11:01:38 - mesh_generation - DEBUG - iteration 2
11:01:41 - mesh_generation - DEBUG - iteration 3
11:01:44 - mesh_generation - DEBUG - iteration 4
11:01:47 - mesh_generation - DEBUG - iteration 5
11:01:49 - mesh_generation - DEBUG - iteration 6
11:01:52 - mesh_generation - DEBUG - iteration 7
11:01:55 - mesh_generation - DEBUG - iteration 8
11:01:58 - mesh_generation - DEBUG - iteration 9
11:02:01 - mesh_generation - DEBUG - iteration 10
11:02:04 - mesh_generation - DEBUG - iteration 11
11:02:07 - mesh_generation - DEBUG - iteration 12
11:02:10 - mesh_generation - DEBUG - iteration 13
11:02:16 - mesh_generation - DEBUG - iteration 14
11:02:20 - mesh_generation - DEBUG - iteration 15
11:02:23 - mesh_generation - DEBUG - iteration 16
11:02:25 - mesh_generation - DEBUG - iteration 17
11:02:28 - mesh_generation - DEBUG - iteration 18
11:02:31 - mesh_generation - DEBUG - iteration 19
11:02:33 - mesh_generation - DEBUG - iteration 20
11:02:37 - mesh_generation - DEBUG - iteration 21
11:02:40 - mesh_generation - DEBUG - iteration 22
11:02:44 - mesh_generation - DEBUG - iteration 23
11:02:48 - mesh_generation - DEBUG - iteration 24
11:02:52 - mesh_generation - DEBUG - iteration 25
11:02:56 - mesh_generation - DEBUG - iteration 26
11:02:59 - mesh_generation - DEBUG - iteration 27
11:03:02 - mesh_generation - DEBUG - iteration 28
11:03:05 - mesh_generation - DEBUG - iteration 29
11:03:08 - mesh_generation - DEBUG - iteration 30
11:03:12 - mesh_generation - DEBUG - iteration 31
11:03:14 - mesh_generation - DEBUG - iteration 32
11:03:18 - mesh_generation - DEBUG - iteration 33
11:03:21 - mesh_generation - DEBUG - iteration 34
