17:42:13 - config - INFO - [94mLog file initialized at: /home/alex/Desktop/mesh-gen/data/output/Cylinder_20-05-17-42/log.log[0m
17:42:13 - run - INFO - [94mOuput folder: /home/alex/Desktop/mesh-gen/data/output/Cylinder_20-05-17-42[0m
17:42:13 - run - INFO - [94mProcessing file: /home/alex/Desktop/mesh-gen/data/Cylinder.stl[0m
17:42:13 - mesh_generation - INFO - [94mInitial pore area: 10 mm² and initial radius: 4.805622828269509 mm[0m
17:42:13 - mesh_generation - DEBUG - Initial number of simplices: 28
17:42:13 - mesh_generation - DEBUG - iteration 1
17:42:14 - mesh_generation - DEBUG - iteration 2
17:42:15 - mesh_generation - DEBUG - iteration 3
17:42:15 - mesh_generation - DEBUG - iteration 4
17:42:15 - mesh_generation - DEBUG - iteration 5
17:42:16 - mesh_generation - DEBUG - iteration 6
17:42:16 - mesh_generation - INFO - [94mNo polyhedrons created. Process finished.[0m
17:42:50 - config - INFO - [92mFinished! Execution time: 0 minutes and 37 seconds[0m
17:42:53 - config - INFO - [94mLog file initialized at: /home/alex/Desktop/mesh-gen/data/output/Cylinder_20-05-17-42/log.log[0m
17:42:53 - run - INFO - [94mOuput folder: /home/alex/Desktop/mesh-gen/data/output/Cylinder_20-05-17-42[0m
17:42:53 - run - INFO - [94mProcessing file: /home/alex/Desktop/mesh-gen/data/Cylinder.stl[0m
17:42:53 - mesh_generation - INFO - [94mInitial pore area: 10 mm² and initial radius: 4.805622828269509 mm[0m
17:42:53 - mesh_generation - DEBUG - Initial number of simplices: 28
17:42:54 - mesh_generation - DEBUG - iteration 1
17:42:54 - mesh_generation - DEBUG - iteration 2
17:42:55 - mesh_generation - DEBUG - iteration 3
17:42:55 - mesh_generation - DEBUG - iteration 4
17:42:56 - mesh_generation - DEBUG - iteration 5
17:42:56 - mesh_generation - DEBUG - iteration 6
17:42:57 - mesh_generation - INFO - [94mNo polyhedrons created. Process finished.[0m
17:47:23 - config - INFO - [92mFinished! Execution time: 4 minutes and 30 seconds[0m
