17:32:39 - config - INFO - [94mLog file initialized at: /home/alex/Desktop/mesh-gen/data/output/Cylinder_20-05-17-32/log.log[0m
17:32:39 - run - INFO - [94mOuput folder: /home/alex/Desktop/mesh-gen/data/output/Cylinder_20-05-17-32[0m
17:32:39 - run - INFO - [94mProcessing file: /home/alex/Desktop/mesh-gen/data/Cylinder.stl[0m
17:32:39 - mesh_generation - INFO - [94mInitial pore area: 10 mm² and initial radius: 4.805622828269509 mm[0m
17:32:39 - mesh_generation - DEBUG - Initial number of simplices: 28
17:32:40 - mesh_generation - DEBUG - iteration 1
17:32:41 - mesh_generation - DEBUG - iteration 2
17:32:41 - mesh_generation - DEBUG - iteration 3
17:32:41 - mesh_generation - DEBUG - iteration 4
17:32:42 - mesh_generation - DEBUG - iteration 5
17:32:42 - mesh_generation - DEBUG - iteration 6
17:32:42 - mesh_generation - INFO - [94mNo polyhedrons created. Process finished.[0m
17:32:47 - mesh_generation - INFO - [94mGraph saved in /home/alex/Desktop/mesh-gen/data/output/Cylinder_20-05-17-32/G.pickle[0m
17:32:47 - config - INFO - [92mFinished! Execution time: 0 minutes and 7 seconds[0m
17:32:57 - config - INFO - [94mLog file initialized at: /home/alex/Desktop/mesh-gen/data/output/Cylinder_20-05-17-32/log.log[0m
17:32:57 - run - INFO - [94mOuput folder: /home/alex/Desktop/mesh-gen/data/output/Cylinder_20-05-17-32[0m
17:32:57 - run - INFO - [94mProcessing file: /home/alex/Desktop/mesh-gen/data/Cylinder.stl[0m
17:32:57 - mesh_generation - INFO - [94mInitial pore area: 10 mm² and initial radius: 4.805622828269509 mm[0m
17:32:57 - mesh_generation - DEBUG - Initial number of simplices: 28
17:32:57 - mesh_generation - DEBUG - iteration 1
17:32:58 - mesh_generation - DEBUG - iteration 2
17:32:58 - mesh_generation - DEBUG - iteration 3
17:32:59 - mesh_generation - DEBUG - iteration 4
17:32:59 - mesh_generation - DEBUG - iteration 5
17:32:59 - mesh_generation - DEBUG - iteration 6
17:33:00 - mesh_generation - INFO - [94mNo polyhedrons created. Process finished.[0m
17:33:54 - mesh_generation - INFO - [94mGraph saved in /home/alex/Desktop/mesh-gen/data/output/Cylinder_20-05-17-32/G.pickle[0m
17:33:54 - config - INFO - [92mFinished! Execution time: 0 minutes and 57 seconds[0m
