15:59:20 - logger - INFO - [94mLog file initialized at: /home/alex/Desktop/mesh-gen/data/output/Cylinder_12-05-15-59/log.log[0m
15:59:20 - run - INFO - [94mOuput folder: /home/alex/Desktop/mesh-gen/data/output/Cylinder_12-05-15-59[0m
15:59:20 - run - INFO - [94mProcessing file: /home/alex/Desktop/mesh-gen/data/Cylinder.stl[0m
15:59:20 - mesh_generation - INFO - [94mInitial pore area: 10 mm² and initial radius: 4.805622828269509 mm[0m
15:59:20 - mesh_generation - DEBUG - Initial number of simplices: 28
15:59:21 - mesh_generation - DEBUG - iteration 1
15:59:21 - mesh_generation - DEBUG - iteration 2
15:59:22 - mesh_generation - DEBUG - iteration 3
15:59:23 - mesh_generation - DEBUG - iteration 4
15:59:23 - mesh_generation - DEBUG - iteration 5
15:59:24 - mesh_generation - INFO - [94mNo polyhedrons created. Process finished.[0m
15:59:46 - logger - INFO - [94mLog file initialized at: /home/alex/Desktop/mesh-gen/data/output/Cylinder_12-05-15-59/log.log[0m
15:59:46 - run - INFO - [94mOuput folder: /home/alex/Desktop/mesh-gen/data/output/Cylinder_12-05-15-59[0m
15:59:46 - run - INFO - [94mProcessing file: /home/alex/Desktop/mesh-gen/data/Cylinder.stl[0m
15:59:46 - mesh_generation - INFO - [94mInitial pore area: 10 mm² and initial radius: 4.805622828269509 mm[0m
15:59:46 - mesh_generation - DEBUG - Initial number of simplices: 28
15:59:47 - mesh_generation - DEBUG - iteration 1
15:59:48 - mesh_generation - DEBUG - iteration 2
15:59:48 - mesh_generation - DEBUG - iteration 3
15:59:49 - mesh_generation - DEBUG - iteration 4
15:59:50 - mesh_generation - DEBUG - iteration 5
15:59:50 - mesh_generation - INFO - [94mNo polyhedrons created. Process finished.[0m
15:59:54 - logger - INFO - [92mFinished! Execution time: 0 minutes and 8 seconds[0m
