11:57:17 - config - INFO - [94mLog file initialized at: /home/alex/Desktop/mesh-gen/data/output/Cylinder_21-05-11-57/log.log[0m
11:57:17 - run - INFO - [94mOuput folder: /home/alex/Desktop/mesh-gen/data/output/Cylinder_21-05-11-57[0m
11:57:17 - run - INFO - [94mProcessing file: /home/alex/Desktop/mesh-gen/data/Cylinder.stl[0m
11:57:17 - mesh_generation - INFO - [94mInitial pore area: 10 mm² and initial radius: 4.805622828269509 mm[0m
11:57:17 - mesh_generation - DEBUG - Initial number of simplices: 28
11:57:18 - mesh_generation - DEBUG - iteration 1
11:57:18 - mesh_generation - DEBUG - iteration 2
11:57:18 - mesh_generation - DEBUG - iteration 3
11:57:19 - mesh_generation - DEBUG - iteration 4
11:57:19 - mesh_generation - DEBUG - iteration 5
11:57:20 - mesh_generation - DEBUG - iteration 6
11:57:20 - mesh_generation - DEBUG - iteration 7
11:57:20 - mesh_generation - DEBUG - iteration 8
11:57:20 - mesh_generation - INFO - [94mNo polyhedrons created. Process finished.[0m
11:57:35 - config - INFO - [92mFinished! Execution time: 0 minutes and 18 seconds[0m
11:57:52 - config - INFO - [94mLog file initialized at: /home/alex/Desktop/mesh-gen/data/output/Cylinder_21-05-11-57/log.log[0m
11:57:52 - run - INFO - [94mOuput folder: /home/alex/Desktop/mesh-gen/data/output/Cylinder_21-05-11-57[0m
11:57:52 - run - INFO - [94mProcessing file: /home/alex/Desktop/mesh-gen/data/Cylinder.stl[0m
11:57:52 - mesh_generation - INFO - [94mInitial pore area: 10 mm² and initial radius: 4.805622828269509 mm[0m
11:57:52 - mesh_generation - DEBUG - Initial number of simplices: 28
11:57:53 - mesh_generation - DEBUG - iteration 1
11:57:53 - mesh_generation - DEBUG - iteration 2
11:57:53 - mesh_generation - DEBUG - iteration 3
11:57:54 - mesh_generation - DEBUG - iteration 4
11:57:54 - mesh_generation - DEBUG - iteration 5
11:57:55 - mesh_generation - DEBUG - iteration 6
11:57:55 - mesh_generation - DEBUG - iteration 7
11:57:55 - mesh_generation - DEBUG - iteration 8
11:57:55 - mesh_generation - INFO - [94mNo polyhedrons created. Process finished.[0m
11:58:06 - mesh_generation - INFO - [94mGraph saved in /home/alex/Desktop/mesh-gen/data/output/Cylinder_21-05-11-57/G.pickle[0m
11:58:06 - config - INFO - [92mFinished! Execution time: 0 minutes and 14 seconds[0m
