10:39:50 - config - INFO - [94mLog file initialized at: /home/alex/Desktop/mesh-gen/data/output/Part_17-07-10-39/log.log[0m
10:39:50 - run - INFO - [94mOuput folder: /home/alex/Desktop/mesh-gen/data/output/Part_17-07-10-39[0m
10:39:50 - run - INFO - [94mProcessing file: /home/alex/Desktop/mesh-gen/data/Part.stl[0m
10:39:51 - mesh_generation - INFO - [94mInitial pore area: 80 mm² and initial radius: 13.59235395877698 mm[0m
10:39:51 - mesh_generation - DEBUG - Initial number of simplices: 213
10:39:52 - mesh_generation - DEBUG - iteration 1
10:39:53 - mesh_generation - DEBUG - iteration 2
10:39:53 - mesh_generation - DEBUG - iteration 3
10:39:54 - mesh_generation - DEBUG - iteration 4
10:39:55 - mesh_generation - DEBUG - iteration 5
10:39:56 - mesh_generation - DEBUG - iteration 6
10:39:57 - mesh_generation - DEBUG - iteration 7
10:39:58 - mesh_generation - DEBUG - iteration 8
10:39:59 - mesh_generation - DEBUG - iteration 9
10:40:00 - mesh_generation - DEBUG - iteration 10
10:40:01 - mesh_generation - DEBUG - iteration 11
10:40:02 - mesh_generation - DEBUG - iteration 12
10:40:03 - mesh_generation - DEBUG - iteration 13
10:40:04 - mesh_generation - DEBUG - iteration 14
10:40:06 - mesh_generation - DEBUG - iteration 15
10:40:07 - mesh_generation - DEBUG - iteration 16
10:40:08 - mesh_generation - DEBUG - iteration 17
10:40:09 - mesh_generation - DEBUG - iteration 18
10:40:10 - mesh_generation - DEBUG - iteration 19
10:40:12 - mesh_generation - DEBUG - iteration 20
10:40:13 - mesh_generation - DEBUG - iteration 21
10:40:14 - mesh_generation - DEBUG - iteration 22
10:40:16 - mesh_generation - DEBUG - iteration 23
10:40:17 - mesh_generation - DEBUG - iteration 24
10:40:18 - mesh_generation - DEBUG - iteration 25
10:40:20 - mesh_generation - DEBUG - iteration 26
10:40:21 - mesh_generation - DEBUG - iteration 27
10:40:23 - mesh_generation - DEBUG - iteration 28
10:40:24 - mesh_generation - DEBUG - iteration 29
10:40:25 - mesh_generation - DEBUG - iteration 30
10:40:27 - mesh_generation - DEBUG - iteration 31
10:40:28 - mesh_generation - DEBUG - iteration 32
10:40:30 - mesh_generation - DEBUG - iteration 33
10:40:31 - mesh_generation - DEBUG - iteration 34
10:40:33 - mesh_generation - DEBUG - iteration 35
10:40:34 - mesh_generation - DEBUG - iteration 36
10:40:35 - mesh_generation - DEBUG - iteration 37
10:40:37 - mesh_generation - DEBUG - iteration 38
10:40:38 - mesh_generation - DEBUG - iteration 39
10:40:40 - mesh_generation - DEBUG - iteration 40
10:40:41 - mesh_generation - DEBUG - iteration 41
10:40:42 - mesh_generation - DEBUG - iteration 42
10:40:44 - mesh_generation - DEBUG - iteration 43
10:40:45 - mesh_generation - DEBUG - iteration 44
10:40:47 - mesh_generation - DEBUG - iteration 45
10:40:48 - mesh_generation - DEBUG - iteration 46
10:40:50 - mesh_generation - DEBUG - iteration 47
10:40:51 - mesh_generation - DEBUG - iteration 48
10:40:53 - mesh_generation - DEBUG - iteration 49
10:40:54 - mesh_generation - DEBUG - iteration 50
10:40:56 - mesh_generation - DEBUG - iteration 51
10:40:57 - mesh_generation - DEBUG - iteration 52
10:40:59 - mesh_generation - DEBUG - iteration 53
10:41:00 - mesh_generation - DEBUG - iteration 54
10:41:02 - mesh_generation - DEBUG - iteration 55
10:41:03 - mesh_generation - DEBUG - iteration 56
10:41:05 - mesh_generation - DEBUG - iteration 57
10:41:06 - mesh_generation - DEBUG - iteration 58
10:41:08 - mesh_generation - DEBUG - iteration 59
10:41:09 - mesh_generation - DEBUG - iteration 60
10:41:11 - mesh_generation - DEBUG - iteration 61
10:41:12 - mesh_generation - DEBUG - iteration 62
10:41:14 - mesh_generation - DEBUG - iteration 63
10:41:15 - mesh_generation - DEBUG - iteration 64
