09:38:10 - config - INFO - [94mLog file initialized at: /home/alex/Desktop/mesh-gen/data/output/Cylinder_25-06-09-38/log.log[0m
09:38:10 - run - INFO - [94mOuput folder: /home/alex/Desktop/mesh-gen/data/output/Cylinder_25-06-09-38[0m
09:38:10 - run - INFO - [94mPickle file found in tmp folder. Using precomputed mesh[0m
09:38:10 - stl_generation - INFO - [94mLoading graph from pickle file: /home/alex/Desktop/mesh-gen/tmp/G.pickle[0m
09:38:10 - stl_generation - INFO - [94mInitialized mesh generation process[0m
09:38:10 - stl_generation - INFO - [94mGenerating polygons in edges...[0m
09:38:10 - stl_generation - INFO - [94mFixing mesh in process...[0m
09:38:10 - stl_generation - DEBUG - Fixing mesh completed. 31 edges removes.
09:38:10 - stl_generation - INFO - [94mGenerating vertices hulls...[0m
09:38:10 - stl_generation - INFO - [94mGenerating struts...[0m
09:38:11 - stl_generation - INFO - [94mGenerating mesh...[0m
09:38:12 - stl_generation - WARNING - [93mError while subdividing the mesh: Some edges are shared by more than 2 faces. Retrying with half of loops.[0m
09:38:12 - stl_generation - WARNING - [93mError while subdividing the mesh again: Some edges are shared by more than 2 faces. No subdivision can be made. Saving the original mesh.[0m
09:38:14 - stl_generation - INFO - [92mMesh saved at /home/alex/Desktop/mesh-gen/data/output/Cylinder_25-06-09-38[0m
09:38:14 - config - INFO - [92mFinished! Execution time: 0 minutes and 4 seconds[0m
09:38:25 - config - INFO - [94mLog file initialized at: /home/alex/Desktop/mesh-gen/data/output/Cylinder_25-06-09-38/log.log[0m
09:38:25 - run - INFO - [94mOuput folder: /home/alex/Desktop/mesh-gen/data/output/Cylinder_25-06-09-38[0m
09:38:25 - run - INFO - [94mProcessing file: /home/alex/Desktop/mesh-gen/data/Cylinder.stl[0m
09:38:25 - mesh_generation - INFO - [94mInitial pore area: 10 mm² and initial radius: 4.805622828269509 mm[0m
09:38:25 - mesh_generation - DEBUG - Initial number of simplices: 30
09:38:25 - mesh_generation - DEBUG - iteration 1
09:38:26 - mesh_generation - DEBUG - iteration 2
09:38:26 - mesh_generation - DEBUG - iteration 3
09:38:26 - mesh_generation - DEBUG - iteration 4
09:38:26 - mesh_generation - DEBUG - iteration 5
09:38:26 - mesh_generation - DEBUG - iteration 6
09:38:27 - mesh_generation - DEBUG - iteration 7
09:38:27 - mesh_generation - INFO - [94mNo polyhedrons created. Process finished.[0m
09:38:42 - mesh_generation - INFO - [94mGraph saved in /home/alex/Desktop/mesh-gen/data/output/Cylinder_25-06-09-38/G.pickle[0m
09:38:42 - stl_generation - INFO - [94mLoading graph from pickle file: /home/alex/Desktop/mesh-gen/data/output/Cylinder_25-06-09-38/G.pickle[0m
09:38:42 - stl_generation - INFO - [94mInitialized mesh generation process[0m
09:38:42 - stl_generation - INFO - [94mGenerating polygons in edges...[0m
09:38:42 - stl_generation - INFO - [94mFixing mesh in process...[0m
09:38:43 - stl_generation - DEBUG - Fixing mesh completed. 31 edges removes.
09:38:43 - stl_generation - INFO - [94mGenerating vertices hulls...[0m
09:38:43 - stl_generation - INFO - [94mGenerating struts...[0m
09:38:43 - stl_generation - INFO - [94mGenerating mesh...[0m
09:38:44 - stl_generation - WARNING - [93mError while subdividing the mesh: Some edges are shared by more than 2 faces. Retrying with half of loops.[0m
09:38:44 - stl_generation - WARNING - [93mError while subdividing the mesh again: Some edges are shared by more than 2 faces. No subdivision can be made. Saving the original mesh.[0m
09:38:46 - stl_generation - INFO - [92mMesh saved at /home/alex/Desktop/mesh-gen/data/output/Cylinder_25-06-09-38[0m
09:38:46 - config - INFO - [92mFinished! Execution time: 0 minutes and 21 seconds[0m
