11:12:43 - logger - INFO - [94mLog file initialized at: /home/alex/Desktop/mesh-gen/data/output/Cylinder_07-03-11-12/log.log[0m
11:12:43 - run - INFO - [94mOuput folder: /home/alex/Desktop/mesh-gen/data/output/Cylinder_07-03-11-12[0m
11:12:43 - run - INFO - [94mPickle file found in tmp folder. Using precomputed mesh[0m
11:12:43 - stl_generation - INFO - [94mLoading graph from pickle file: /home/alex/Desktop/mesh-gen/tmp/G.pickle[0m
11:12:43 - stl_generation - INFO - [94mInitialized mesh generation process[0m
11:12:43 - stl_generation - INFO - [94mGenerating polygons in edges...[0m
11:12:44 - stl_generation - INFO - [94mFixing mesh in process...[0m
11:12:44 - stl_generation - DEBUG - Fixing mesh completed. 75 edges removes.
11:12:44 - stl_generation - INFO - [94mGenerating vertices hulls...[0m
11:12:45 - stl_generation - INFO - [94mGenerating struts...[0m
11:12:46 - stl_generation - INFO - [94mGenerating mesh...[0m
11:12:46 - stl_generation - WARNING - [93mError while subdividing the mesh: Some edges are shared by more than 2 faces. Retrying with half of loops.[0m
11:12:46 - stl_generation - WARNING - [93mError while subdividing the mesh again: Some edges are shared by more than 2 faces. No subdivision can be made. Saving the original mesh.[0m
11:12:48 - stl_generation - INFO - [92mMesh saved at /home/alex/Desktop/mesh-gen/data/output/Cylinder_07-03-11-12[0m
11:12:48 - logger - INFO - [92mFinished! Execution time: 0 minutes and 4 seconds[0m
11:12:56 - logger - INFO - [94mLog file initialized at: /home/alex/Desktop/mesh-gen/data/output/Cylinder_07-03-11-12/log.log[0m
11:12:56 - run - INFO - [94mOuput folder: /home/alex/Desktop/mesh-gen/data/output/Cylinder_07-03-11-12[0m
11:12:56 - run - INFO - [94mProcessing file: /home/alex/Desktop/mesh-gen/data/Cylinder.stl[0m
11:12:56 - mesh_generation - INFO - [94mInitial pore area: 2 mmÂ˛ and initial radius: 2.149139863647084 mm[0m
11:12:56 - mesh_generation - DEBUG - Initial number of simplices: 144
11:13:02 - mesh_generation - DEBUG - iteration 1
11:13:07 - mesh_generation - DEBUG - iteration 2
11:13:13 - mesh_generation - DEBUG - iteration 3
11:13:18 - mesh_generation - DEBUG - iteration 4
11:13:24 - mesh_generation - DEBUG - iteration 5
11:13:29 - mesh_generation - DEBUG - iteration 6
11:13:34 - mesh_generation - DEBUG - iteration 7
11:13:39 - mesh_generation - DEBUG - iteration 8
11:13:45 - mesh_generation - DEBUG - iteration 9
11:13:50 - mesh_generation - DEBUG - iteration 10
11:13:56 - mesh_generation - DEBUG - iteration 11
11:14:01 - mesh_generation - DEBUG - iteration 12
11:14:06 - mesh_generation - DEBUG - iteration 13
11:14:09 - mesh_generation - INFO - [94mNo polyhedrons created. Process finished.[0m
11:14:11 - mesh_generation - INFO - [94mGraph saved in /home/alex/Desktop/mesh-gen/data/output/Cylinder_07-03-11-12/G.pickle[0m
11:14:11 - stl_generation - INFO - [94mLoading graph from pickle file: /home/alex/Desktop/mesh-gen/data/output/Cylinder_07-03-11-12/G.pickle[0m
11:14:11 - stl_generation - INFO - [94mInitialized mesh generation process[0m
11:14:11 - stl_generation - INFO - [94mGenerating polygons in edges...[0m
11:14:13 - stl_generation - INFO - [94mFixing mesh in process...[0m
11:14:26 - stl_generation - DEBUG - Fixing mesh completed. 3775 edges removes.
11:14:27 - stl_generation - INFO - [94mGenerating vertices hulls...[0m
11:14:31 - stl_generation - INFO - [94mGenerating struts...[0m
11:14:37 - stl_generation - INFO - [94mGenerating mesh...[0m
