19:45:58 - logger - INFO - [94mLog file initialized at: /home/alex/Desktop/mesh-gen/data/output/c3040_09-03-19-45/log.log[0m
19:45:58 - run - INFO - [94mOuput folder: /home/alex/Desktop/mesh-gen/data/output/c3040_09-03-19-45[0m
19:45:58 - run - INFO - [94mProcessing file: /home/alex/Desktop/mesh-gen/data/c3040.stl[0m
19:45:58 - mesh_generation - INFO - [94mInitial pore area: 10 mm² and initial radius: 4.805622828269509 mm[0m
19:45:58 - mesh_generation - DEBUG - Initial number of simplices: 70
19:45:59 - mesh_generation - DEBUG - iteration 1
19:46:00 - mesh_generation - DEBUG - iteration 2
19:46:02 - mesh_generation - DEBUG - iteration 3
19:46:03 - mesh_generation - DEBUG - iteration 4
19:46:04 - mesh_generation - DEBUG - iteration 5
19:46:05 - mesh_generation - DEBUG - iteration 6
19:46:06 - mesh_generation - DEBUG - iteration 7
19:46:07 - mesh_generation - DEBUG - iteration 8
19:46:08 - mesh_generation - DEBUG - iteration 9
19:46:09 - mesh_generation - INFO - [94mNo polyhedrons created. Process finished.[0m
19:46:09 - mesh_generation - INFO - [94mGraph saved in /home/alex/Desktop/mesh-gen/data/output/c3040_09-03-19-45/G.pickle[0m
19:46:09 - mesh_generation - INFO - [94mAdjacency matrix and connectivity arrays saved in                          /home/alex/Desktop/mesh-gen/data/output/c3040_09-03-19-45/adjacency_matrix.npz[0m
19:46:09 - stl_generation - INFO - [94mLoading graph from pickle file: /home/alex/Desktop/mesh-gen/data/output/c3040_09-03-19-45/G.pickle[0m
19:46:09 - stl_generation - INFO - [94mInitialized mesh generation process[0m
19:46:09 - stl_generation - INFO - [94mGenerating polygons in edges...[0m
19:46:10 - stl_generation - INFO - [94mFixing mesh in process...[0m
19:46:12 - stl_generation - DEBUG - Fixing mesh completed. 428 edges removes.
19:46:13 - stl_generation - INFO - [94mGenerating vertices hulls...[0m
19:46:15 - stl_generation - INFO - [94mGenerating struts...[0m
19:46:18 - stl_generation - INFO - [94mGenerating mesh...[0m
19:46:19 - stl_generation - WARNING - [93mError while subdividing the mesh: Some edges are shared by more than 2 faces. Retrying with half of loops.[0m
19:46:19 - stl_generation - WARNING - [93mError while subdividing the mesh again: Some edges are shared by more than 2 faces. No subdivision can be made. Saving the original mesh.[0m
19:46:19 - stl_generation - INFO - [92mMesh saved at /home/alex/Desktop/mesh-gen/data/output/c3040_09-03-19-45[0m
19:46:19 - logger - INFO - [92mFinished! Execution time: 0 minutes and 21 seconds[0m
