20:33:21 - logger - INFO - [94mLog file initialized at: /home/alex/Desktop/mesh-gen/data/output/c3040_09-03-20-33/log.log[0m
20:33:21 - run - INFO - [94mOuput folder: /home/alex/Desktop/mesh-gen/data/output/c3040_09-03-20-33[0m
20:33:21 - run - INFO - [94mProcessing file: /home/alex/Desktop/mesh-gen/data/c3040.stl[0m
20:33:21 - mesh_generation - INFO - [94mInitial pore area: 10.0 mm² and initial radius: 5.885661912765424 mm[0m
20:33:21 - mesh_generation - DEBUG - Initial number of simplices: 70
20:33:22 - mesh_generation - DEBUG - iteration 1
20:33:23 - mesh_generation - DEBUG - iteration 2
20:33:24 - mesh_generation - DEBUG - iteration 3
20:33:25 - mesh_generation - DEBUG - iteration 4
20:33:27 - mesh_generation - DEBUG - iteration 5
20:33:28 - mesh_generation - DEBUG - iteration 6
20:33:29 - mesh_generation - DEBUG - iteration 7
20:33:30 - mesh_generation - DEBUG - iteration 8
20:33:31 - mesh_generation - DEBUG - iteration 9
20:33:32 - mesh_generation - INFO - [94mNo polyhedrons created. Process finished.[0m
20:33:32 - mesh_generation - INFO - [94mGraph saved in /home/alex/Desktop/mesh-gen/data/output/c3040_09-03-20-33/G.pickle[0m
20:33:32 - mesh_generation - INFO - [94mAdjacency matrix and connectivity arrays saved in                          /home/alex/Desktop/mesh-gen/data/output/c3040_09-03-20-33/adjacency_matrix.npz[0m
20:33:32 - stl_generation - INFO - [94mLoading graph from pickle file: /home/alex/Desktop/mesh-gen/data/output/c3040_09-03-20-33/G.pickle[0m
20:33:32 - stl_generation - INFO - [94mInitialized mesh generation process[0m
20:33:32 - stl_generation - INFO - [94mGenerating polygons in edges...[0m
20:33:33 - stl_generation - INFO - [94mFixing mesh in process...[0m
20:33:36 - stl_generation - DEBUG - Fixing mesh completed. 539 edges removes.
20:33:37 - stl_generation - INFO - [94mGenerating vertices hulls...[0m
20:33:38 - stl_generation - INFO - [94mGenerating struts...[0m
20:33:42 - stl_generation - INFO - [94mGenerating mesh...[0m
20:33:43 - stl_generation - WARNING - [93mError while subdividing the mesh: Some edges are shared by more than 2 faces. Retrying with half of loops.[0m
20:33:43 - stl_generation - WARNING - [93mError while subdividing the mesh again: Some edges are shared by more than 2 faces. No subdivision can be made. Saving the original mesh.[0m
20:33:43 - stl_generation - INFO - [92mMesh saved at /home/alex/Desktop/mesh-gen/data/output/c3040_09-03-20-33[0m
20:33:43 - logger - INFO - [92mFinished! Execution time: 0 minutes and 22 seconds[0m
