13:25:06 - config - INFO - [94mLog file initialized at: /home/alex/Desktop/mesh-gen/data/output/Cylinder_22-05-13-25/log.log[0m
13:25:06 - run - INFO - [94mOuput folder: /home/alex/Desktop/mesh-gen/data/output/Cylinder_22-05-13-25[0m
13:25:06 - run - INFO - [94mProcessing file: /home/alex/Desktop/mesh-gen/data/Cylinder.stl[0m
13:25:06 - mesh_generation - INFO - [94mInitial pore area: 8 mm² and initial radius: 4.298279727294168 mm[0m
13:25:06 - mesh_generation - DEBUG - Initial number of simplices: 38
13:25:07 - mesh_generation - DEBUG - iteration 1
13:25:08 - mesh_generation - DEBUG - iteration 2
13:25:08 - mesh_generation - DEBUG - iteration 3
13:25:09 - mesh_generation - DEBUG - iteration 4
13:25:10 - mesh_generation - DEBUG - iteration 5
13:25:10 - mesh_generation - DEBUG - iteration 6
13:25:11 - mesh_generation - DEBUG - iteration 7
13:25:11 - mesh_generation - INFO - [94mNo polyhedrons created. Process finished.[0m
13:25:24 - config - INFO - [94mLog file initialized at: /home/alex/Desktop/mesh-gen/data/output/Cylinder_22-05-13-25/log.log[0m
13:25:24 - run - INFO - [94mOuput folder: /home/alex/Desktop/mesh-gen/data/output/Cylinder_22-05-13-25[0m
13:25:24 - run - INFO - [94mProcessing file: /home/alex/Desktop/mesh-gen/data/Cylinder.stl[0m
13:25:24 - mesh_generation - INFO - [94mInitial pore area: 8 mm² and initial radius: 4.298279727294168 mm[0m
13:25:24 - mesh_generation - DEBUG - Initial number of simplices: 38
13:25:25 - mesh_generation - DEBUG - iteration 1
13:25:25 - mesh_generation - DEBUG - iteration 2
13:25:26 - mesh_generation - DEBUG - iteration 3
13:25:26 - mesh_generation - DEBUG - iteration 4
13:25:27 - mesh_generation - DEBUG - iteration 5
13:25:28 - mesh_generation - DEBUG - iteration 6
13:25:28 - mesh_generation - DEBUG - iteration 7
13:25:28 - mesh_generation - INFO - [94mNo polyhedrons created. Process finished.[0m
13:25:38 - mesh_generation - INFO - [94mGraph saved in /home/alex/Desktop/mesh-gen/data/output/Cylinder_22-05-13-25/G.pickle[0m
13:25:38 - config - INFO - [92mFinished! Execution time: 0 minutes and 14 seconds[0m
