18:39:35 - config - INFO - [94mLog file initialized at: /home/alex/Desktop/mesh-gen/data/output/Cylinder_20-05-18-39/log.log[0m
18:39:35 - run - INFO - [94mOuput folder: /home/alex/Desktop/mesh-gen/data/output/Cylinder_20-05-18-39[0m
18:39:35 - run - INFO - [94mProcessing file: /home/alex/Desktop/mesh-gen/data/Cylinder.stl[0m
18:39:35 - mesh_generation - INFO - [94mInitial pore area: 10 mm² and initial radius: 4.805622828269509 mm[0m
18:39:35 - mesh_generation - DEBUG - Initial number of simplices: 28
18:39:35 - mesh_generation - DEBUG - iteration 1
18:39:39 - mesh_generation - DEBUG - iteration 2
18:39:42 - mesh_generation - DEBUG - iteration 3
18:39:45 - mesh_generation - DEBUG - iteration 4
18:39:48 - mesh_generation - DEBUG - iteration 5
18:39:54 - mesh_generation - DEBUG - iteration 6
18:39:57 - mesh_generation - DEBUG - iteration 7
18:40:02 - mesh_generation - DEBUG - iteration 8
18:40:05 - mesh_generation - DEBUG - iteration 9
18:40:08 - mesh_generation - DEBUG - iteration 10
18:40:10 - mesh_generation - DEBUG - iteration 11
18:40:13 - mesh_generation - DEBUG - iteration 12
18:40:15 - mesh_generation - DEBUG - iteration 13
18:40:16 - mesh_generation - DEBUG - iteration 14
18:40:19 - mesh_generation - DEBUG - iteration 15
18:40:21 - mesh_generation - DEBUG - iteration 16
