19:58:08 - logger - INFO - [94mLog file initialized at: /home/alex/Desktop/mesh-gen/data/output/c3040_09-03-19-58/log.log[0m
19:58:08 - run - INFO - [94mOuput folder: /home/alex/Desktop/mesh-gen/data/output/c3040_09-03-19-58[0m
19:58:08 - run - INFO - [94mProcessing file: /home/alex/Desktop/mesh-gen/data/c3040.stl[0m
19:58:08 - mesh_generation - INFO - [94mInitial pore area: 2 mm² and initial radius: 2.149139863647084 mm[0m
19:58:09 - mesh_generation - DEBUG - Initial number of simplices: 348
19:58:13 - mesh_generation - DEBUG - iteration 1
19:58:19 - mesh_generation - DEBUG - iteration 2
19:58:24 - mesh_generation - DEBUG - iteration 3
19:58:30 - mesh_generation - DEBUG - iteration 4
19:58:36 - mesh_generation - DEBUG - iteration 5
19:58:41 - mesh_generation - DEBUG - iteration 6
19:58:47 - mesh_generation - DEBUG - iteration 7
19:58:52 - mesh_generation - DEBUG - iteration 8
19:58:58 - mesh_generation - DEBUG - iteration 9
19:59:03 - mesh_generation - DEBUG - iteration 10
19:59:09 - mesh_generation - DEBUG - iteration 11
19:59:15 - mesh_generation - DEBUG - iteration 12
19:59:21 - mesh_generation - DEBUG - iteration 13
19:59:27 - mesh_generation - DEBUG - iteration 14
19:59:32 - mesh_generation - DEBUG - iteration 15
19:59:38 - mesh_generation - DEBUG - iteration 16
19:59:44 - mesh_generation - DEBUG - iteration 17
19:59:49 - mesh_generation - DEBUG - iteration 18
19:59:54 - mesh_generation - INFO - [94mNo polyhedrons created. Process finished.[0m
20:00:01 - mesh_generation - INFO - [94mGraph saved in /home/alex/Desktop/mesh-gen/data/output/c3040_09-03-19-58/G.pickle[0m
20:00:07 - mesh_generation - INFO - [94mAdjacency matrix and connectivity arrays saved in                          /home/alex/Desktop/mesh-gen/data/output/c3040_09-03-19-58/adjacency_matrix.npz[0m
20:00:07 - stl_generation - INFO - [94mLoading graph from pickle file: /home/alex/Desktop/mesh-gen/data/output/c3040_09-03-19-58/G.pickle[0m
20:00:07 - stl_generation - INFO - [94mInitialized mesh generation process[0m
20:00:07 - stl_generation - INFO - [94mGenerating polygons in edges...[0m
20:00:16 - stl_generation - INFO - [94mFixing mesh in process...[0m
20:01:09 - stl_generation - DEBUG - Fixing mesh completed. 12493 edges removes.
20:01:12 - stl_generation - INFO - [94mGenerating vertices hulls...[0m
20:01:25 - stl_generation - INFO - [94mGenerating struts...[0m
20:01:47 - stl_generation - INFO - [94mGenerating mesh...[0m
20:01:49 - stl_generation - WARNING - [93mError while subdividing the mesh: Some edges are shared by more than 2 faces. Retrying with half of loops.[0m
20:01:50 - stl_generation - WARNING - [93mError while subdividing the mesh again: Some edges are shared by more than 2 faces. No subdivision can be made. Saving the original mesh.[0m
20:01:50 - stl_generation - INFO - [92mMesh saved at /home/alex/Desktop/mesh-gen/data/output/c3040_09-03-19-58[0m
20:01:50 - logger - INFO - [92mFinished! Execution time: 3 minutes and 41 seconds[0m
