20:43:45 - logger - INFO - [94mLog file initialized at: /home/alex/Desktop/mesh-gen/data/output/c3040_09-03-20-43/log.log[0m
20:43:45 - run - INFO - [94mOuput folder: /home/alex/Desktop/mesh-gen/data/output/c3040_09-03-20-43[0m
20:43:45 - run - INFO - [94mProcessing file: /home/alex/Desktop/mesh-gen/data/c3040.stl[0m
20:43:45 - mesh_generation - INFO - [94mInitial pore area: 3.846153846153846 mmÂ˛ and initial radius: 3.398088489694245 mm[0m
20:43:45 - mesh_generation - DEBUG - Initial number of simplices: 185
20:43:47 - mesh_generation - DEBUG - iteration 1
20:43:51 - mesh_generation - DEBUG - iteration 2
20:43:54 - mesh_generation - DEBUG - iteration 3
20:43:57 - mesh_generation - DEBUG - iteration 4
20:44:01 - mesh_generation - DEBUG - iteration 5
20:44:04 - mesh_generation - DEBUG - iteration 6
20:44:08 - mesh_generation - DEBUG - iteration 7
20:44:11 - mesh_generation - DEBUG - iteration 8
20:44:15 - mesh_generation - DEBUG - iteration 9
20:44:18 - mesh_generation - DEBUG - iteration 10
20:44:22 - mesh_generation - DEBUG - iteration 11
20:44:25 - mesh_generation - DEBUG - iteration 12
20:44:28 - mesh_generation - DEBUG - iteration 13
20:44:32 - mesh_generation - DEBUG - iteration 14
20:44:35 - mesh_generation - INFO - [94mNo polyhedrons created. Process finished.[0m
20:44:37 - mesh_generation - INFO - [94mGraph saved in /home/alex/Desktop/mesh-gen/data/output/c3040_09-03-20-43/G.pickle[0m
20:44:38 - mesh_generation - INFO - [94mAdjacency matrix and connectivity arrays saved in                          /home/alex/Desktop/mesh-gen/data/output/c3040_09-03-20-43/adjacency_matrix.npz[0m
20:44:38 - stl_generation - INFO - [94mLoading graph from pickle file: /home/alex/Desktop/mesh-gen/data/output/c3040_09-03-20-43/G.pickle[0m
20:44:38 - stl_generation - INFO - [94mInitialized mesh generation process[0m
20:44:38 - stl_generation - INFO - [94mGenerating polygons in edges...[0m
20:44:42 - stl_generation - INFO - [94mFixing mesh in process...[0m
20:45:00 - stl_generation - DEBUG - Fixing mesh completed. 4448 edges removes.
20:45:02 - stl_generation - INFO - [94mGenerating vertices hulls...[0m
20:45:07 - stl_generation - INFO - [94mGenerating struts...[0m
20:45:18 - stl_generation - INFO - [94mGenerating mesh...[0m
20:45:19 - stl_generation - WARNING - [93mError while subdividing the mesh: Some edges are shared by more than 2 faces. Retrying with half of loops.[0m
20:45:19 - stl_generation - WARNING - [93mError while subdividing the mesh again: Some edges are shared by more than 2 faces. No subdivision can be made. Saving the original mesh.[0m
20:45:20 - stl_generation - INFO - [92mMesh saved at /home/alex/Desktop/mesh-gen/data/output/c3040_09-03-20-43[0m
20:45:20 - logger - INFO - [92mFinished! Execution time: 1 minutes and 34 seconds[0m
