09:50:52 - config - INFO - [94mLog file initialized at: /home/alex/Desktop/mesh-gen/data/output/Cylinder_28-05-09-50/log.log[0m
09:50:52 - run - INFO - [94mOuput folder: /home/alex/Desktop/mesh-gen/data/output/Cylinder_28-05-09-50[0m
09:50:52 - run - INFO - [94mProcessing file: /home/alex/Desktop/mesh-gen/data/Cylinder.stl[0m
09:50:52 - mesh_generation - INFO - [94mInitial pore area: 10 mm² and initial radius: 4.805622828269509 mm[0m
09:50:52 - mesh_generation - DEBUG - Initial number of simplices: 30
09:50:52 - mesh_generation - DEBUG - iteration 1
09:50:52 - mesh_generation - DEBUG - iteration 2
09:50:52 - mesh_generation - DEBUG - iteration 3
09:50:53 - mesh_generation - DEBUG - iteration 4
09:50:53 - mesh_generation - DEBUG - iteration 5
09:50:53 - mesh_generation - DEBUG - iteration 6
09:50:53 - mesh_generation - DEBUG - iteration 7
09:50:54 - mesh_generation - INFO - [94mNo polyhedrons created. Process finished.[0m
09:50:58 - mesh_generation - INFO - [94mGraph saved in /home/alex/Desktop/mesh-gen/data/output/Cylinder_28-05-09-50/G.pickle[0m
09:50:58 - stl_generation - INFO - [94mLoading graph from pickle file: /home/alex/Desktop/mesh-gen/data/output/Cylinder_28-05-09-50/G.pickle[0m
09:50:58 - stl_generation - INFO - [94mInitialized mesh generation process[0m
09:50:58 - stl_generation - INFO - [94mGenerating polygons in edges...[0m
09:50:58 - stl_generation - INFO - [94mFixing mesh in process...[0m
09:50:58 - stl_generation - DEBUG - Fixing mesh completed. 105 edges removes.
09:50:58 - stl_generation - INFO - [94mGenerating vertices hulls...[0m
09:50:58 - stl_generation - INFO - [94mGenerating struts...[0m
09:50:59 - stl_generation - INFO - [94mGenerating mesh...[0m
09:50:59 - stl_generation - WARNING - [93mError while subdividing the mesh: Some edges are shared by more than 2 faces. Retrying with half of loops.[0m
09:50:59 - stl_generation - WARNING - [93mError while subdividing the mesh again: Some edges are shared by more than 2 faces. No subdivision can be made. Saving the original mesh.[0m
09:51:05 - stl_generation - INFO - [92mMesh saved at /home/alex/Desktop/mesh-gen/data/output/Cylinder_28-05-09-50[0m
09:51:05 - config - INFO - [92mFinished! Execution time: 0 minutes and 13 seconds[0m
