18:08:15 - config - INFO - [94mLog file initialized at: /home/alex/Desktop/mesh-gen/data/output/Cylinder_20-05-18-08/log.log[0m
18:08:15 - run - INFO - [94mOuput folder: /home/alex/Desktop/mesh-gen/data/output/Cylinder_20-05-18-08[0m
18:08:15 - run - INFO - [94mProcessing file: /home/alex/Desktop/mesh-gen/data/Cylinder.stl[0m
18:08:15 - mesh_generation - INFO - [94mInitial pore area: 10 mm² and initial radius: 4.805622828269509 mm[0m
18:08:15 - mesh_generation - DEBUG - Initial number of simplices: 28
18:08:16 - mesh_generation - DEBUG - iteration 1
18:08:19 - mesh_generation - DEBUG - iteration 2
18:08:21 - mesh_generation - DEBUG - iteration 3
18:08:22 - mesh_generation - DEBUG - iteration 4
18:08:24 - mesh_generation - DEBUG - iteration 5
18:08:26 - mesh_generation - DEBUG - iteration 6
18:08:28 - mesh_generation - DEBUG - iteration 7
18:08:31 - mesh_generation - DEBUG - iteration 8
18:08:35 - mesh_generation - INFO - [94mNo polyhedrons created. Process finished.[0m
18:08:47 - config - INFO - [92mFinished! Execution time: 0 minutes and 32 seconds[0m
18:08:56 - config - INFO - [94mLog file initialized at: /home/alex/Desktop/mesh-gen/data/output/Cylinder_20-05-18-08/log.log[0m
18:08:56 - run - INFO - [94mOuput folder: /home/alex/Desktop/mesh-gen/data/output/Cylinder_20-05-18-08[0m
18:08:56 - run - INFO - [94mProcessing file: /home/alex/Desktop/mesh-gen/data/Cylinder.stl[0m
18:08:56 - mesh_generation - INFO - [94mInitial pore area: 10 mm² and initial radius: 4.805622828269509 mm[0m
18:08:56 - mesh_generation - DEBUG - Initial number of simplices: 28
18:08:57 - mesh_generation - DEBUG - iteration 1
18:08:59 - mesh_generation - DEBUG - iteration 2
18:09:01 - mesh_generation - DEBUG - iteration 3
18:09:02 - mesh_generation - DEBUG - iteration 4
18:09:03 - mesh_generation - DEBUG - iteration 5
18:09:06 - mesh_generation - DEBUG - iteration 6
18:09:09 - mesh_generation - DEBUG - iteration 7
18:09:13 - mesh_generation - DEBUG - iteration 8
18:09:16 - mesh_generation - INFO - [94mNo polyhedrons created. Process finished.[0m
18:09:51 - config - INFO - [92mFinished! Execution time: 0 minutes and 55 seconds[0m
