10:01:36 - config - INFO - [94mLog file initialized at: /home/alex/Desktop/mesh-gen/data/output/Cylinder_21-05-10-01/log.log[0m
10:01:36 - run - INFO - [94mOuput folder: /home/alex/Desktop/mesh-gen/data/output/Cylinder_21-05-10-01[0m
10:01:36 - run - INFO - [94mProcessing file: /home/alex/Desktop/mesh-gen/data/Cylinder.stl[0m
10:01:36 - mesh_generation - INFO - [94mInitial pore area: 10 mm² and initial radius: 4.805622828269509 mm[0m
10:01:36 - mesh_generation - DEBUG - Initial number of simplices: 28
10:01:36 - mesh_generation - DEBUG - iteration 1
10:01:39 - mesh_generation - DEBUG - iteration 2
10:01:40 - mesh_generation - DEBUG - iteration 3
10:01:41 - mesh_generation - DEBUG - iteration 4
10:01:43 - mesh_generation - DEBUG - iteration 5
10:01:44 - mesh_generation - DEBUG - iteration 6
10:01:46 - mesh_generation - DEBUG - iteration 7
10:01:47 - mesh_generation - DEBUG - iteration 8
10:01:49 - mesh_generation - DEBUG - iteration 9
10:01:50 - mesh_generation - DEBUG - iteration 10
10:01:51 - mesh_generation - DEBUG - iteration 11
10:01:52 - mesh_generation - DEBUG - iteration 12
10:01:53 - mesh_generation - DEBUG - iteration 13
10:01:54 - mesh_generation - DEBUG - iteration 14
10:01:55 - mesh_generation - DEBUG - iteration 15
10:01:56 - mesh_generation - INFO - [94mNo polyhedrons created. Process finished.[0m
10:02:41 - config - INFO - [92mFinished! Execution time: 1 minutes and 4 seconds[0m
