18:45:08 - config - INFO - [94mLog file initialized at: /home/alex/Desktop/mesh-gen/data/output/Cylinder_20-05-18-45/log.log[0m
18:45:08 - run - INFO - [94mOuput folder: /home/alex/Desktop/mesh-gen/data/output/Cylinder_20-05-18-45[0m
18:45:08 - run - INFO - [94mProcessing file: /home/alex/Desktop/mesh-gen/data/Cylinder.stl[0m
18:45:08 - mesh_generation - INFO - [94mInitial pore area: 10 mm² and initial radius: 4.805622828269509 mm[0m
18:45:08 - mesh_generation - DEBUG - Initial number of simplices: 28
18:45:08 - mesh_generation - DEBUG - iteration 1
18:45:10 - mesh_generation - DEBUG - iteration 2
18:45:11 - mesh_generation - DEBUG - iteration 3
18:45:12 - mesh_generation - DEBUG - iteration 4
18:45:13 - mesh_generation - DEBUG - iteration 5
18:45:15 - mesh_generation - DEBUG - iteration 6
18:45:16 - mesh_generation - DEBUG - iteration 7
18:45:17 - mesh_generation - DEBUG - iteration 8
18:45:19 - mesh_generation - DEBUG - iteration 9
18:45:20 - mesh_generation - DEBUG - iteration 10
18:45:21 - mesh_generation - DEBUG - iteration 11
18:45:23 - mesh_generation - DEBUG - iteration 12
18:45:25 - mesh_generation - DEBUG - iteration 13
18:45:31 - mesh_generation - DEBUG - iteration 14
18:45:32 - mesh_generation - DEBUG - iteration 15
18:45:34 - mesh_generation - INFO - [94mNo polyhedrons created. Process finished.[0m
