10:31:09 - config - INFO - [94mLog file initialized at: /home/alex/Desktop/mesh-gen/data/output/Part_17-07-10-31/log.log[0m
10:31:09 - run - INFO - [94mOuput folder: /home/alex/Desktop/mesh-gen/data/output/Part_17-07-10-31[0m
10:31:09 - run - INFO - [94mProcessing file: /home/alex/Desktop/mesh-gen/data/Part.stl[0m
10:31:09 - mesh_generation - INFO - [94mInitial pore area: 80 mm² and initial radius: 13.59235395877698 mm[0m
10:31:10 - mesh_generation - DEBUG - Initial number of simplices: 213
10:31:11 - mesh_generation - DEBUG - iteration 1
10:31:12 - mesh_generation - DEBUG - iteration 2
10:31:13 - mesh_generation - DEBUG - iteration 3
10:31:14 - mesh_generation - DEBUG - iteration 4
10:31:15 - mesh_generation - DEBUG - iteration 5
10:31:16 - mesh_generation - DEBUG - iteration 6
10:31:16 - mesh_generation - DEBUG - iteration 7
10:31:17 - mesh_generation - DEBUG - iteration 8
10:31:18 - mesh_generation - DEBUG - iteration 9
10:31:19 - mesh_generation - DEBUG - iteration 10
10:31:20 - mesh_generation - DEBUG - iteration 11
10:31:21 - mesh_generation - DEBUG - iteration 12
10:31:22 - mesh_generation - DEBUG - iteration 13
10:31:23 - mesh_generation - DEBUG - iteration 14
10:31:24 - mesh_generation - DEBUG - iteration 15
10:31:25 - mesh_generation - DEBUG - iteration 16
10:31:26 - mesh_generation - DEBUG - iteration 17
10:31:28 - mesh_generation - DEBUG - iteration 18
10:31:29 - mesh_generation - DEBUG - iteration 19
10:31:30 - mesh_generation - DEBUG - iteration 20
10:31:31 - mesh_generation - DEBUG - iteration 21
10:31:33 - mesh_generation - DEBUG - iteration 22
10:31:34 - mesh_generation - DEBUG - iteration 23
10:31:35 - mesh_generation - DEBUG - iteration 24
10:31:37 - mesh_generation - DEBUG - iteration 25
10:31:39 - mesh_generation - DEBUG - iteration 26
10:31:40 - mesh_generation - DEBUG - iteration 27
10:31:42 - mesh_generation - DEBUG - iteration 28
