20:52:22 - logger - INFO - [94mLog file initialized at: /home/alex/Desktop/mesh-gen/data/output/c3040_09-03-20-52/log.log[0m
20:52:22 - run - INFO - [94mOuput folder: /home/alex/Desktop/mesh-gen/data/output/c3040_09-03-20-52[0m
20:52:22 - run - INFO - [94mProcessing file: /home/alex/Desktop/mesh-gen/data/c3040.stl[0m
20:52:22 - mesh_generation - INFO - [94mInitial pore area: 15.384615384615383 mm² and initial radius: 6.79617697938849 mm[0m
20:52:22 - mesh_generation - DEBUG - Initial number of simplices: 46
20:52:23 - mesh_generation - DEBUG - iteration 1
20:52:24 - mesh_generation - DEBUG - iteration 2
20:52:25 - mesh_generation - DEBUG - iteration 3
20:52:26 - mesh_generation - DEBUG - iteration 4
20:52:27 - mesh_generation - DEBUG - iteration 5
20:52:27 - mesh_generation - DEBUG - iteration 6
20:52:28 - mesh_generation - DEBUG - iteration 7
20:52:29 - mesh_generation - INFO - [94mNo polyhedrons created. Process finished.[0m
20:52:29 - mesh_generation - INFO - [94mGraph saved in /home/alex/Desktop/mesh-gen/data/output/c3040_09-03-20-52/G.pickle[0m
20:52:29 - mesh_generation - INFO - [94mAdjacency matrix and connectivity arrays saved in                          /home/alex/Desktop/mesh-gen/data/output/c3040_09-03-20-52/adjacency_matrix.npz[0m
20:52:29 - stl_generation - INFO - [94mLoading graph from pickle file: /home/alex/Desktop/mesh-gen/data/output/c3040_09-03-20-52/G.pickle[0m
20:52:29 - stl_generation - INFO - [94mInitialized mesh generation process[0m
20:52:29 - stl_generation - INFO - [94mGenerating polygons in edges...[0m
20:52:30 - stl_generation - INFO - [94mFixing mesh in process...[0m
20:52:31 - stl_generation - DEBUG - Fixing mesh completed. 140 edges removes.
20:52:31 - stl_generation - INFO - [94mGenerating vertices hulls...[0m
20:52:32 - stl_generation - INFO - [94mGenerating struts...[0m
20:52:34 - stl_generation - INFO - [94mGenerating mesh...[0m
20:52:35 - stl_generation - WARNING - [93mError while subdividing the mesh: Some edges are shared by more than 2 faces. Retrying with half of loops.[0m
20:52:35 - stl_generation - WARNING - [93mError while subdividing the mesh again: Some edges are shared by more than 2 faces. No subdivision can be made. Saving the original mesh.[0m
20:52:35 - stl_generation - INFO - [92mMesh saved at /home/alex/Desktop/mesh-gen/data/output/c3040_09-03-20-52[0m
20:52:35 - logger - INFO - [92mFinished! Execution time: 0 minutes and 12 seconds[0m
