16:12:09 - logger - INFO - [94mLog file initialized at: /home/alex/Desktop/mesh-gen/data/output/Cylinder_03-03-16-12/log.log[0m
16:12:09 - run - INFO - [94mOuput folder: /home/alex/Desktop/mesh-gen/data/output/Cylinder_03-03-16-12[0m
16:12:09 - run - INFO - [94mProcessing file: /home/alex/Desktop/mesh-gen/data/Cylinder.stl[0m
16:12:09 - mesh_generation - INFO - [94mInitial pore area: 10 mm² and initial radius: 4.805622828269509 mm[0m
16:12:09 - mesh_generation - DEBUG - Initial number of simplices: 28
16:12:11 - mesh_generation - DEBUG - iteration 1
16:12:12 - mesh_generation - DEBUG - iteration 2
16:12:13 - mesh_generation - DEBUG - iteration 3
16:12:14 - mesh_generation - DEBUG - iteration 4
16:12:16 - mesh_generation - DEBUG - iteration 5
16:12:16 - mesh_generation - INFO - [94mNo polyhedrons created. Process finished.[0m
16:12:34 - mesh_generation - INFO - [94mGraph saved in /home/alex/Desktop/mesh-gen/data/output/Cylinder_03-03-16-12/G.pickle[0m
16:12:34 - stl_generation - INFO - [94mLoading graph from pickle file: /home/alex/Desktop/mesh-gen/data/output/Cylinder_03-03-16-12/G.pickle[0m
16:12:34 - stl_generation - INFO - [94mInitialized mesh generation process[0m
16:12:34 - stl_generation - ERROR - [91mConnectivity Error: The following nodes are not stable: [[ 0.     9.523  0.   ]
 [14.121  1.756  0.   ]
 [ 3.334  2.532  0.   ]
 [ 6.997  1.276  0.   ]
 [ 2.658 16.797  0.   ]
 [ 6.185 18.395  0.   ]
 [13.323 18.591  0.   ]][0m
NoneType: None
16:12:34 - stl_generation - INFO - [94mGenerating polygons in edges...[0m
16:12:35 - stl_generation - INFO - [94mGenerating vertices hulls...[0m
16:12:35 - stl_generation - INFO - [94mGenerating struts...[0m
16:12:35 - stl_generation - INFO - [94mGenerating mesh...[0m
16:12:45 - stl_generation - INFO - [92mMesh saved at /home/alex/Desktop/mesh-gen/data/output/Cylinder_03-03-16-12[0m
16:12:45 - logger - INFO - [92mFinished! Execution time: 0 minutes and 36 seconds[0m
