11:44:10 - config - INFO - [94mLog file initialized at: /home/alex/Desktop/mesh-gen/data/output/Cylinder_22-05-11-44/log.log[0m
11:44:10 - run - INFO - [94mOuput folder: /home/alex/Desktop/mesh-gen/data/output/Cylinder_22-05-11-44[0m
11:44:10 - run - INFO - [94mProcessing file: /home/alex/Desktop/mesh-gen/data/Cylinder.stl[0m
11:44:10 - mesh_generation - INFO - [94mInitial pore area: 8 mm² and initial radius: 4.298279727294168 mm[0m
11:44:10 - mesh_generation - DEBUG - Initial number of simplices: 38
11:44:11 - mesh_generation - DEBUG - iteration 1
11:44:11 - mesh_generation - DEBUG - iteration 2
11:44:12 - mesh_generation - DEBUG - iteration 3
11:44:12 - mesh_generation - DEBUG - iteration 4
11:44:13 - mesh_generation - DEBUG - iteration 5
11:44:14 - mesh_generation - DEBUG - iteration 6
11:44:14 - mesh_generation - DEBUG - iteration 7
11:44:15 - mesh_generation - DEBUG - iteration 8
11:44:15 - mesh_generation - DEBUG - iteration 9
11:44:16 - mesh_generation - DEBUG - iteration 10
11:44:19 - mesh_generation - DEBUG - iteration 11
11:44:19 - mesh_generation - INFO - [94mNo polyhedrons created. Process finished.[0m
11:44:39 - mesh_generation - INFO - [94mGraph saved in /home/alex/Desktop/mesh-gen/data/output/Cylinder_22-05-11-44/G.pickle[0m
11:44:39 - config - INFO - [92mFinished! Execution time: 0 minutes and 29 seconds[0m
11:44:49 - config - INFO - [94mLog file initialized at: /home/alex/Desktop/mesh-gen/data/output/Cylinder_22-05-11-44/log.log[0m
11:44:49 - run - INFO - [94mOuput folder: /home/alex/Desktop/mesh-gen/data/output/Cylinder_22-05-11-44[0m
11:44:49 - run - INFO - [94mProcessing file: /home/alex/Desktop/mesh-gen/data/Cylinder.stl[0m
11:44:49 - mesh_generation - INFO - [94mInitial pore area: 8 mm² and initial radius: 4.298279727294168 mm[0m
11:44:49 - mesh_generation - DEBUG - Initial number of simplices: 38
11:44:50 - mesh_generation - DEBUG - iteration 1
11:44:51 - mesh_generation - DEBUG - iteration 2
11:44:51 - mesh_generation - DEBUG - iteration 3
11:44:52 - mesh_generation - DEBUG - iteration 4
11:44:52 - mesh_generation - DEBUG - iteration 5
11:44:53 - mesh_generation - DEBUG - iteration 6
11:44:53 - mesh_generation - DEBUG - iteration 7
11:44:54 - mesh_generation - DEBUG - iteration 8
11:44:55 - mesh_generation - DEBUG - iteration 9
11:44:55 - mesh_generation - DEBUG - iteration 10
11:44:59 - mesh_generation - DEBUG - iteration 11
11:44:59 - mesh_generation - INFO - [94mNo polyhedrons created. Process finished.[0m
11:45:33 - mesh_generation - INFO - [94mGraph saved in /home/alex/Desktop/mesh-gen/data/output/Cylinder_22-05-11-44/G.pickle[0m
11:45:33 - config - INFO - [92mFinished! Execution time: 0 minutes and 44 seconds[0m
