11:13:04 - config - INFO - [94mLog file initialized at: /home/alex/Desktop/mesh-gen/data/output/Cylinder_21-05-11-13/log.log[0m
11:13:04 - run - INFO - [94mOuput folder: /home/alex/Desktop/mesh-gen/data/output/Cylinder_21-05-11-13[0m
11:13:04 - run - INFO - [94mProcessing file: /home/alex/Desktop/mesh-gen/data/Cylinder.stl[0m
11:13:04 - mesh_generation - INFO - [94mInitial pore area: 10 mm² and initial radius: 4.805622828269509 mm[0m
11:13:04 - mesh_generation - DEBUG - Initial number of simplices: 28
11:13:05 - mesh_generation - DEBUG - iteration 1
11:13:05 - mesh_generation - DEBUG - iteration 2
11:13:06 - mesh_generation - DEBUG - iteration 3
11:13:06 - mesh_generation - DEBUG - iteration 4
11:13:06 - mesh_generation - DEBUG - iteration 5
11:13:07 - mesh_generation - DEBUG - iteration 6
11:13:07 - mesh_generation - DEBUG - iteration 7
11:13:07 - mesh_generation - DEBUG - iteration 8
11:13:08 - mesh_generation - INFO - [94mNo polyhedrons created. Process finished.[0m
11:13:46 - config - INFO - [94mLog file initialized at: /home/alex/Desktop/mesh-gen/data/output/Cylinder_21-05-11-13/log.log[0m
11:13:46 - run - INFO - [94mOuput folder: /home/alex/Desktop/mesh-gen/data/output/Cylinder_21-05-11-13[0m
11:13:46 - run - INFO - [94mProcessing file: /home/alex/Desktop/mesh-gen/data/Cylinder.stl[0m
11:13:47 - mesh_generation - INFO - [94mInitial pore area: 10 mm² and initial radius: 4.805622828269509 mm[0m
11:13:47 - mesh_generation - DEBUG - Initial number of simplices: 28
11:13:47 - mesh_generation - DEBUG - iteration 1
11:13:48 - mesh_generation - DEBUG - iteration 2
11:13:48 - mesh_generation - DEBUG - iteration 3
11:13:48 - mesh_generation - DEBUG - iteration 4
11:13:49 - mesh_generation - DEBUG - iteration 5
11:13:49 - mesh_generation - DEBUG - iteration 6
11:13:50 - mesh_generation - DEBUG - iteration 7
11:13:50 - mesh_generation - DEBUG - iteration 8
11:13:50 - mesh_generation - INFO - [94mNo polyhedrons created. Process finished.[0m
