10:34:33 - config - INFO - [94mLog file initialized at: /home/alex/Desktop/mesh-gen/data/output/Part_17-07-10-34/log.log[0m
10:34:33 - run - INFO - [94mOuput folder: /home/alex/Desktop/mesh-gen/data/output/Part_17-07-10-34[0m
10:34:33 - run - INFO - [94mProcessing file: /home/alex/Desktop/mesh-gen/data/Part.stl[0m
10:34:34 - mesh_generation - INFO - [94mInitial pore area: 80 mm² and initial radius: 13.59235395877698 mm[0m
10:34:34 - mesh_generation - DEBUG - Initial number of simplices: 213
10:34:35 - mesh_generation - DEBUG - iteration 1
10:34:36 - mesh_generation - DEBUG - iteration 2
10:34:38 - mesh_generation - DEBUG - iteration 3
10:34:39 - mesh_generation - DEBUG - iteration 4
10:34:40 - mesh_generation - DEBUG - iteration 5
10:34:41 - mesh_generation - DEBUG - iteration 6
10:34:42 - mesh_generation - DEBUG - iteration 7
10:34:43 - mesh_generation - DEBUG - iteration 8
10:34:44 - mesh_generation - DEBUG - iteration 9
10:34:45 - mesh_generation - DEBUG - iteration 10
10:34:47 - mesh_generation - DEBUG - iteration 11
10:34:48 - mesh_generation - DEBUG - iteration 12
10:34:49 - mesh_generation - DEBUG - iteration 13
10:34:50 - mesh_generation - DEBUG - iteration 14
10:34:51 - mesh_generation - DEBUG - iteration 15
10:34:52 - mesh_generation - DEBUG - iteration 16
10:34:54 - mesh_generation - DEBUG - iteration 17
10:34:55 - mesh_generation - DEBUG - iteration 18
10:34:56 - mesh_generation - DEBUG - iteration 19
10:34:58 - mesh_generation - DEBUG - iteration 20
10:34:59 - mesh_generation - DEBUG - iteration 21
10:35:00 - mesh_generation - DEBUG - iteration 22
10:35:02 - mesh_generation - DEBUG - iteration 23
10:35:03 - mesh_generation - DEBUG - iteration 24
10:35:04 - mesh_generation - DEBUG - iteration 25
10:35:06 - mesh_generation - DEBUG - iteration 26
10:35:07 - mesh_generation - DEBUG - iteration 27
10:35:09 - mesh_generation - DEBUG - iteration 28
10:35:10 - mesh_generation - DEBUG - iteration 29
10:35:12 - mesh_generation - DEBUG - iteration 30
10:35:13 - mesh_generation - DEBUG - iteration 31
10:35:15 - mesh_generation - DEBUG - iteration 32
10:35:16 - mesh_generation - DEBUG - iteration 33
10:35:18 - mesh_generation - DEBUG - iteration 34
10:35:20 - mesh_generation - DEBUG - iteration 35
10:35:21 - mesh_generation - DEBUG - iteration 36
10:35:23 - mesh_generation - DEBUG - iteration 37
10:35:24 - mesh_generation - DEBUG - iteration 38
10:35:25 - mesh_generation - DEBUG - iteration 39
10:35:27 - mesh_generation - DEBUG - iteration 40
10:35:29 - mesh_generation - DEBUG - iteration 41
10:35:30 - mesh_generation - DEBUG - iteration 42
10:35:31 - mesh_generation - DEBUG - iteration 43
10:35:33 - mesh_generation - DEBUG - iteration 44
10:35:35 - mesh_generation - DEBUG - iteration 45
10:35:36 - mesh_generation - DEBUG - iteration 46
10:35:38 - mesh_generation - DEBUG - iteration 47
10:35:39 - mesh_generation - DEBUG - iteration 48
10:35:41 - mesh_generation - DEBUG - iteration 49
10:35:42 - mesh_generation - DEBUG - iteration 50
10:35:44 - mesh_generation - DEBUG - iteration 51
10:35:45 - mesh_generation - DEBUG - iteration 52
10:35:47 - mesh_generation - DEBUG - iteration 53
10:35:48 - mesh_generation - DEBUG - iteration 54
10:35:50 - mesh_generation - DEBUG - iteration 55
10:35:51 - mesh_generation - DEBUG - iteration 56
10:35:53 - mesh_generation - DEBUG - iteration 57
10:35:55 - mesh_generation - DEBUG - iteration 58
10:35:56 - mesh_generation - DEBUG - iteration 59
10:35:58 - mesh_generation - DEBUG - iteration 60
10:36:00 - mesh_generation - DEBUG - iteration 61
10:36:02 - mesh_generation - DEBUG - iteration 62
10:36:03 - mesh_generation - DEBUG - iteration 63
10:36:05 - mesh_generation - DEBUG - iteration 64
10:36:06 - mesh_generation - DEBUG - iteration 65
10:36:08 - mesh_generation - DEBUG - iteration 66
10:36:10 - mesh_generation - DEBUG - iteration 67
10:36:12 - mesh_generation - DEBUG - iteration 68
10:36:14 - mesh_generation - DEBUG - iteration 69
10:36:15 - mesh_generation - DEBUG - iteration 70
10:36:17 - mesh_generation - DEBUG - iteration 71
10:36:19 - mesh_generation - DEBUG - iteration 72
10:36:21 - mesh_generation - DEBUG - iteration 73
10:36:23 - mesh_generation - DEBUG - iteration 74
10:36:25 - mesh_generation - DEBUG - iteration 75
10:36:26 - mesh_generation - DEBUG - iteration 76
