11:27:00 - config - INFO - [94mLog file initialized at: /home/alex/Desktop/mesh-gen/data/output/Cylinder_20-05-11-27/log.log[0m
11:27:00 - run - INFO - [94mOuput folder: /home/alex/Desktop/mesh-gen/data/output/Cylinder_20-05-11-27[0m
11:27:00 - run - INFO - [94mProcessing file: /home/alex/Desktop/mesh-gen/data/Cylinder.stl[0m
11:27:01 - mesh_generation - INFO - [94mInitial pore area: 10 mm² and initial radius: 4.805622828269509 mm[0m
11:27:01 - mesh_generation - DEBUG - Initial number of simplices: 28
11:27:01 - mesh_generation - DEBUG - iteration 1
11:27:02 - mesh_generation - DEBUG - iteration 2
11:27:02 - mesh_generation - DEBUG - iteration 3
11:27:02 - mesh_generation - DEBUG - iteration 4
11:27:03 - mesh_generation - DEBUG - iteration 5
11:27:03 - mesh_generation - DEBUG - iteration 6
11:27:04 - mesh_generation - DEBUG - iteration 7
11:27:04 - mesh_generation - DEBUG - iteration 8
11:27:06 - mesh_generation - DEBUG - iteration 9
11:27:07 - mesh_generation - DEBUG - iteration 10
11:27:10 - mesh_generation - DEBUG - iteration 11
11:27:13 - mesh_generation - DEBUG - iteration 12
11:27:17 - mesh_generation - DEBUG - iteration 13
11:27:21 - mesh_generation - DEBUG - iteration 14
11:27:27 - mesh_generation - DEBUG - iteration 15
11:27:34 - mesh_generation - DEBUG - iteration 16
11:27:44 - mesh_generation - DEBUG - iteration 17
11:27:56 - mesh_generation - DEBUG - iteration 18
11:28:13 - mesh_generation - DEBUG - iteration 19
11:28:35 - mesh_generation - DEBUG - iteration 20
