19:37:38 - logger - INFO - [94mLog file initialized at: /home/alex/Desktop/mesh-gen/data/output/Cylinder_09-03-19-37/log.log[0m
19:37:38 - run - INFO - [94mOuput folder: /home/alex/Desktop/mesh-gen/data/output/Cylinder_09-03-19-37[0m
19:37:38 - run - INFO - [94mProcessing file: /home/alex/Desktop/mesh-gen/data/Cylinder.stl[0m
19:37:38 - mesh_generation - INFO - [94mInitial pore area: 4 mm² and initial radius: 3.0393427426063706 mm[0m
19:37:38 - mesh_generation - DEBUG - Initial number of simplices: 70
19:37:42 - mesh_generation - DEBUG - iteration 1
19:37:45 - mesh_generation - DEBUG - iteration 2
19:37:48 - mesh_generation - DEBUG - iteration 3
19:37:52 - mesh_generation - DEBUG - iteration 4
19:37:55 - mesh_generation - DEBUG - iteration 5
19:37:58 - mesh_generation - DEBUG - iteration 6
19:38:01 - mesh_generation - DEBUG - iteration 7
19:38:03 - mesh_generation - DEBUG - iteration 8
19:38:06 - mesh_generation - DEBUG - iteration 9
19:38:08 - mesh_generation - INFO - [94mNo polyhedrons created. Process finished.[0m
19:38:08 - mesh_generation - INFO - [94mGraph saved in /home/alex/Desktop/mesh-gen/data/output/Cylinder_09-03-19-37/G.pickle[0m
19:38:09 - mesh_generation - INFO - [94mAdjacency matrix and connectivity arrays saved in                          /home/alex/Desktop/mesh-gen/data/output/Cylinder_09-03-19-37/adjacency_matrix.npz[0m
19:38:09 - stl_generation - INFO - [94mLoading graph from pickle file: /home/alex/Desktop/mesh-gen/data/output/Cylinder_09-03-19-37/G.pickle[0m
19:38:09 - stl_generation - INFO - [94mInitialized mesh generation process[0m
19:38:09 - stl_generation - INFO - [94mGenerating polygons in edges...[0m
19:38:10 - stl_generation - INFO - [94mFixing mesh in process...[0m
19:38:14 - stl_generation - DEBUG - Fixing mesh completed. 977 edges removes.
19:38:14 - stl_generation - INFO - [94mGenerating vertices hulls...[0m
19:38:16 - stl_generation - INFO - [94mGenerating struts...[0m
19:38:19 - stl_generation - INFO - [94mGenerating mesh...[0m
19:38:19 - stl_generation - WARNING - [93mError while subdividing the mesh: Some edges are shared by more than 2 faces. Retrying with half of loops.[0m
19:38:19 - stl_generation - WARNING - [93mError while subdividing the mesh again: Some edges are shared by more than 2 faces. No subdivision can be made. Saving the original mesh.[0m
19:38:19 - stl_generation - INFO - [92mMesh saved at /home/alex/Desktop/mesh-gen/data/output/Cylinder_09-03-19-37[0m
19:38:19 - logger - INFO - [92mFinished! Execution time: 0 minutes and 40 seconds[0m
