10:38:35 - config - INFO - [94mLog file initialized at: /home/alex/Desktop/mesh-gen/data/output/Cylinder_26-05-10-38/log.log[0m
10:38:35 - run - INFO - [94mOuput folder: /home/alex/Desktop/mesh-gen/data/output/Cylinder_26-05-10-38[0m
10:38:35 - run - INFO - [94mProcessing file: /home/alex/Desktop/mesh-gen/data/Cylinder.stl[0m
10:38:35 - mesh_generation - INFO - [94mInitial pore area: 8 mm² and initial radius: 4.298279727294168 mm[0m
10:38:35 - mesh_generation - DEBUG - Initial number of simplices: 38
10:38:36 - mesh_generation - INFO - [94mNo polyhedrons created. Process finished.[0m
10:38:48 - config - INFO - [92mFinished! Execution time: 0 minutes and 12 seconds[0m
10:38:50 - config - INFO - [94mLog file initialized at: /home/alex/Desktop/mesh-gen/data/output/Cylinder_26-05-10-38/log.log[0m
10:38:50 - run - INFO - [94mOuput folder: /home/alex/Desktop/mesh-gen/data/output/Cylinder_26-05-10-38[0m
10:38:50 - run - INFO - [94mProcessing file: /home/alex/Desktop/mesh-gen/data/Cylinder.stl[0m
10:38:50 - mesh_generation - INFO - [94mInitial pore area: 8 mm² and initial radius: 4.298279727294168 mm[0m
10:38:50 - mesh_generation - DEBUG - Initial number of simplices: 38
10:38:53 - mesh_generation - DEBUG - iteration 1
10:38:55 - mesh_generation - DEBUG - iteration 2
10:38:56 - mesh_generation - DEBUG - iteration 3
10:39:00 - mesh_generation - DEBUG - iteration 4
10:39:02 - mesh_generation - DEBUG - iteration 5
10:39:07 - mesh_generation - DEBUG - iteration 6
10:39:13 - mesh_generation - DEBUG - iteration 7
10:39:13 - mesh_generation - INFO - [94mNo polyhedrons created. Process finished.[0m
10:39:19 - config - INFO - [92mFinished! Execution time: 0 minutes and 28 seconds[0m
