20:49:13 - logger - INFO - [94mLog file initialized at: /home/alex/Desktop/mesh-gen/data/output/c3040_09-03-20-49/log.log[0m
20:49:13 - run - INFO - [94mOuput folder: /home/alex/Desktop/mesh-gen/data/output/c3040_09-03-20-49[0m
20:49:13 - run - INFO - [94mProcessing file: /home/alex/Desktop/mesh-gen/data/c3040.stl[0m
20:49:13 - mesh_generation - INFO - [94mInitial pore area: 7.692307692307692 mm² and initial radius: 4.805622828269509 mm[0m
20:49:13 - mesh_generation - DEBUG - Initial number of simplices: 91
20:49:14 - mesh_generation - DEBUG - iteration 1
20:49:15 - mesh_generation - DEBUG - iteration 2
20:49:17 - mesh_generation - DEBUG - iteration 3
20:49:19 - mesh_generation - DEBUG - iteration 4
20:49:20 - mesh_generation - DEBUG - iteration 5
20:49:22 - mesh_generation - DEBUG - iteration 6
20:49:24 - mesh_generation - DEBUG - iteration 7
20:49:25 - mesh_generation - DEBUG - iteration 8
20:49:27 - mesh_generation - DEBUG - iteration 9
20:49:28 - mesh_generation - DEBUG - iteration 10
20:49:30 - mesh_generation - INFO - [94mNo polyhedrons created. Process finished.[0m
20:49:30 - mesh_generation - INFO - [94mGraph saved in /home/alex/Desktop/mesh-gen/data/output/c3040_09-03-20-49/G.pickle[0m
20:49:31 - mesh_generation - INFO - [94mAdjacency matrix and connectivity arrays saved in                          /home/alex/Desktop/mesh-gen/data/output/c3040_09-03-20-49/adjacency_matrix.npz[0m
20:49:31 - stl_generation - INFO - [94mLoading graph from pickle file: /home/alex/Desktop/mesh-gen/data/output/c3040_09-03-20-49/G.pickle[0m
20:49:31 - stl_generation - INFO - [94mInitialized mesh generation process[0m
20:49:31 - stl_generation - INFO - [94mGenerating polygons in edges...[0m
20:49:32 - stl_generation - INFO - [94mFixing mesh in process...[0m
20:49:37 - stl_generation - DEBUG - Fixing mesh completed. 959 edges removes.
20:49:37 - stl_generation - INFO - [94mGenerating vertices hulls...[0m
20:49:40 - stl_generation - INFO - [94mGenerating struts...[0m
20:49:45 - stl_generation - INFO - [94mGenerating mesh...[0m
20:49:45 - stl_generation - WARNING - [93mError while subdividing the mesh: Some edges are shared by more than 2 faces. Retrying with half of loops.[0m
20:49:46 - stl_generation - WARNING - [93mError while subdividing the mesh again: Some edges are shared by more than 2 faces. No subdivision can be made. Saving the original mesh.[0m
20:49:46 - stl_generation - INFO - [92mMesh saved at /home/alex/Desktop/mesh-gen/data/output/c3040_09-03-20-49[0m
20:49:46 - logger - INFO - [92mFinished! Execution time: 0 minutes and 33 seconds[0m
