09:48:12 - config - INFO - [94mLog file initialized at: /home/alex/Desktop/mesh-gen/data/output/Cylinder_22-05-09-48/log.log[0m
09:48:12 - run - INFO - [94mOuput folder: /home/alex/Desktop/mesh-gen/data/output/Cylinder_22-05-09-48[0m
09:48:12 - run - INFO - [94mProcessing file: /home/alex/Desktop/mesh-gen/data/Cylinder.stl[0m
09:48:12 - mesh_generation - INFO - [94mInitial pore area: 10 mm² and initial radius: 4.805622828269509 mm[0m
09:48:12 - mesh_generation - DEBUG - Initial number of simplices: 30
09:48:15 - mesh_generation - DEBUG - iteration 1
09:48:20 - mesh_generation - DEBUG - iteration 2
09:48:36 - config - INFO - [94mLog file initialized at: /home/alex/Desktop/mesh-gen/data/output/Cylinder_22-05-09-48/log.log[0m
09:48:36 - run - INFO - [94mOuput folder: /home/alex/Desktop/mesh-gen/data/output/Cylinder_22-05-09-48[0m
09:48:36 - run - INFO - [94mProcessing file: /home/alex/Desktop/mesh-gen/data/Cylinder.stl[0m
09:48:36 - mesh_generation - INFO - [94mInitial pore area: 10 mm² and initial radius: 4.805622828269509 mm[0m
09:48:36 - mesh_generation - DEBUG - Initial number of simplices: 30
09:48:37 - mesh_generation - DEBUG - iteration 1
09:48:53 - config - INFO - [94mLog file initialized at: /home/alex/Desktop/mesh-gen/data/output/Cylinder_22-05-09-48/log.log[0m
09:48:53 - run - INFO - [94mOuput folder: /home/alex/Desktop/mesh-gen/data/output/Cylinder_22-05-09-48[0m
09:48:53 - run - INFO - [94mProcessing file: /home/alex/Desktop/mesh-gen/data/Cylinder.stl[0m
09:48:53 - mesh_generation - INFO - [94mInitial pore area: 10 mm² and initial radius: 4.805622828269509 mm[0m
09:48:53 - mesh_generation - DEBUG - Initial number of simplices: 30
09:48:53 - mesh_generation - DEBUG - iteration 1
09:48:56 - mesh_generation - DEBUG - iteration 2
09:49:17 - mesh_generation - DEBUG - iteration 3
09:49:20 - mesh_generation - DEBUG - iteration 4
09:49:35 - mesh_generation - DEBUG - iteration 5
09:49:45 - mesh_generation - DEBUG - iteration 6
09:49:48 - mesh_generation - INFO - [94mNo polyhedrons created. Process finished.[0m
09:50:28 - mesh_generation - INFO - [94mGraph saved in /home/alex/Desktop/mesh-gen/data/output/Cylinder_22-05-09-48/G.pickle[0m
09:50:28 - config - INFO - [92mFinished! Execution time: 1 minutes and 35 seconds[0m
