14:09:10 - logger - INFO - [94mLog file initialized at: /home/alex/Desktop/mesh-gen/data/output/Cylinder_07-05-14-09/log.log[0m
14:09:10 - run - INFO - [94mOuput folder: /home/alex/Desktop/mesh-gen/data/output/Cylinder_07-05-14-09[0m
14:09:10 - run - INFO - [94mProcessing file: /home/alex/Desktop/mesh-gen/data/Cylinder.stl[0m
14:09:10 - mesh_generation - INFO - [94mInitial pore area: 10 mm² and initial radius: 4.805622828269509 mm[0m
14:09:10 - mesh_generation - DEBUG - Initial number of simplices: 28
14:09:15 - mesh_generation - DEBUG - iteration 1
14:09:18 - mesh_generation - DEBUG - iteration 2
14:09:20 - mesh_generation - DEBUG - iteration 3
14:09:21 - mesh_generation - DEBUG - iteration 4
14:09:24 - mesh_generation - INFO - [94mGraph saved in /home/alex/Desktop/mesh-gen/data/output/Cylinder_07-05-14-09/G.pickle[0m
14:09:24 - stl_generation - INFO - [94mLoading graph from pickle file: /home/alex/Desktop/mesh-gen/data/output/Cylinder_07-05-14-09/G.pickle[0m
14:09:24 - stl_generation - INFO - [94mInitialized mesh generation process[0m
14:09:24 - stl_generation - INFO - [94mGenerating polygons in edges...[0m
14:09:24 - stl_generation - INFO - [94mFixing mesh in process...[0m
14:09:24 - stl_generation - DEBUG - Fixing mesh completed. 77 edges removes.
14:09:25 - stl_generation - INFO - [94mGenerating vertices hulls...[0m
14:09:25 - stl_generation - INFO - [94mGenerating struts...[0m
14:09:25 - stl_generation - INFO - [94mGenerating mesh...[0m
14:09:25 - stl_generation - WARNING - [93mError while subdividing the mesh: Some edges are shared by more than 2 faces. Retrying with half of loops.[0m
14:09:25 - stl_generation - WARNING - [93mError while subdividing the mesh again: Some edges are shared by more than 2 faces. No subdivision can be made. Saving the original mesh.[0m
14:09:41 - stl_generation - INFO - [92mMesh saved at /home/alex/Desktop/mesh-gen/data/output/Cylinder_07-05-14-09[0m
14:09:41 - logger - INFO - [92mFinished! Execution time: 0 minutes and 31 seconds[0m
