10:32:52 - config - INFO - [94mLog file initialized at: /home/alex/Desktop/mesh-gen/data/output/Part_17-07-10-32/log.log[0m
10:32:52 - run - INFO - [94mOuput folder: /home/alex/Desktop/mesh-gen/data/output/Part_17-07-10-32[0m
10:32:52 - run - INFO - [94mProcessing file: /home/alex/Desktop/mesh-gen/data/Part.stl[0m
10:32:52 - mesh_generation - INFO - [94mInitial pore area: 80 mm² and initial radius: 13.59235395877698 mm[0m
10:32:52 - mesh_generation - DEBUG - Initial number of simplices: 213
10:32:53 - mesh_generation - DEBUG - iteration 1
10:32:54 - mesh_generation - DEBUG - iteration 2
10:32:55 - mesh_generation - DEBUG - iteration 3
10:32:56 - mesh_generation - DEBUG - iteration 4
10:32:58 - mesh_generation - DEBUG - iteration 5
10:32:59 - mesh_generation - DEBUG - iteration 6
10:33:00 - mesh_generation - DEBUG - iteration 7
10:33:01 - mesh_generation - DEBUG - iteration 8
10:33:02 - mesh_generation - DEBUG - iteration 9
10:33:03 - mesh_generation - DEBUG - iteration 10
10:33:04 - mesh_generation - DEBUG - iteration 11
10:33:05 - mesh_generation - DEBUG - iteration 12
10:33:06 - mesh_generation - DEBUG - iteration 13
10:33:07 - mesh_generation - DEBUG - iteration 14
10:33:09 - mesh_generation - DEBUG - iteration 15
10:33:10 - mesh_generation - DEBUG - iteration 16
10:33:11 - mesh_generation - DEBUG - iteration 17
10:33:12 - mesh_generation - DEBUG - iteration 18
10:33:13 - mesh_generation - DEBUG - iteration 19
10:33:14 - mesh_generation - DEBUG - iteration 20
10:33:16 - mesh_generation - DEBUG - iteration 21
10:33:17 - mesh_generation - DEBUG - iteration 22
10:33:19 - mesh_generation - DEBUG - iteration 23
10:33:20 - mesh_generation - DEBUG - iteration 24
10:33:22 - mesh_generation - DEBUG - iteration 25
10:33:23 - mesh_generation - DEBUG - iteration 26
10:33:25 - mesh_generation - DEBUG - iteration 27
10:33:26 - mesh_generation - DEBUG - iteration 28
10:33:28 - mesh_generation - DEBUG - iteration 29
10:33:29 - mesh_generation - DEBUG - iteration 30
10:33:31 - mesh_generation - DEBUG - iteration 31
10:33:33 - mesh_generation - DEBUG - iteration 32
10:33:34 - mesh_generation - DEBUG - iteration 33
10:33:35 - mesh_generation - DEBUG - iteration 34
10:33:37 - mesh_generation - DEBUG - iteration 35
10:33:39 - mesh_generation - DEBUG - iteration 36
10:33:41 - mesh_generation - DEBUG - iteration 37
10:33:42 - mesh_generation - DEBUG - iteration 38
10:33:44 - mesh_generation - DEBUG - iteration 39
10:33:46 - mesh_generation - DEBUG - iteration 40
10:33:48 - mesh_generation - DEBUG - iteration 41
10:33:49 - mesh_generation - DEBUG - iteration 42
10:33:51 - mesh_generation - DEBUG - iteration 43
10:33:52 - mesh_generation - DEBUG - iteration 44
10:33:54 - mesh_generation - DEBUG - iteration 45
10:33:55 - mesh_generation - DEBUG - iteration 46
10:33:57 - mesh_generation - DEBUG - iteration 47
10:33:59 - mesh_generation - DEBUG - iteration 48
