10:38:53 - logger - INFO - [94mLog file initialized at: /home/alex/Desktop/mesh-gen/data/output/Cylinder_07-03-10-38/log.log[0m
10:38:53 - run - INFO - [94mOuput folder: /home/alex/Desktop/mesh-gen/data/output/Cylinder_07-03-10-38[0m
10:38:53 - run - INFO - [94mProcessing file: /home/alex/Desktop/mesh-gen/data/Cylinder.stl[0m
10:38:53 - mesh_generation - INFO - [94mInitial pore area: 10 mm² and initial radius: 4.805622828269509 mm[0m
10:38:53 - mesh_generation - DEBUG - Initial number of simplices: 28
10:38:54 - mesh_generation - DEBUG - iteration 1
10:38:55 - mesh_generation - DEBUG - iteration 2
10:38:57 - mesh_generation - DEBUG - iteration 3
10:38:58 - mesh_generation - DEBUG - iteration 4
10:38:59 - mesh_generation - DEBUG - iteration 5
10:38:59 - mesh_generation - INFO - [94mNo polyhedrons created. Process finished.[0m
10:39:03 - mesh_generation - INFO - [94mGraph saved in /home/alex/Desktop/mesh-gen/data/output/Cylinder_07-03-10-38/G.pickle[0m
10:39:03 - stl_generation - INFO - [94mLoading graph from pickle file: /home/alex/Desktop/mesh-gen/data/output/Cylinder_07-03-10-38/G.pickle[0m
10:39:03 - stl_generation - INFO - [94mInitialized mesh generation process[0m
10:39:03 - stl_generation - INFO - [94mGenerating polygons in edges...[0m
10:39:03 - stl_generation - INFO - [94mGenerating vertices hulls...[0m
10:39:03 - stl_generation - INFO - [94mGenerating struts...[0m
10:39:05 - stl_generation - INFO - [94mGenerating mesh...[0m
10:39:39 - stl_generation - INFO - [92mMesh saved at /home/alex/Desktop/mesh-gen/data/output/Cylinder_07-03-10-38[0m
10:39:39 - logger - INFO - [92mFinished! Execution time: 0 minutes and 46 seconds[0m
