16:07:33 - config - INFO - [94mLog file initialized at: /home/alex/Desktop/mesh-gen/data/output/Part_16-07-16-07/log.log[0m
16:07:33 - run - INFO - [94mOuput folder: /home/alex/Desktop/mesh-gen/data/output/Part_16-07-16-07[0m
16:07:33 - run - INFO - [94mProcessing file: /home/alex/Desktop/mesh-gen/data/Part.stl[0m
16:07:33 - mesh_generation - INFO - [94mInitial pore area: 50 mm² and initial radius: 10.74569931823542 mm[0m
16:07:33 - mesh_generation - DEBUG - Initial number of simplices: 331
16:07:37 - mesh_generation - DEBUG - iteration 1
16:07:39 - mesh_generation - DEBUG - iteration 2
16:07:40 - mesh_generation - DEBUG - iteration 3
16:07:42 - mesh_generation - DEBUG - iteration 4
16:07:44 - mesh_generation - DEBUG - iteration 5
16:07:45 - mesh_generation - DEBUG - iteration 6
16:07:47 - mesh_generation - DEBUG - iteration 7
16:07:49 - mesh_generation - DEBUG - iteration 8
16:07:50 - mesh_generation - DEBUG - iteration 9
16:07:52 - mesh_generation - DEBUG - iteration 10
16:07:54 - mesh_generation - DEBUG - iteration 11
16:07:56 - mesh_generation - DEBUG - iteration 12
16:07:58 - mesh_generation - DEBUG - iteration 13
16:08:00 - mesh_generation - DEBUG - iteration 14
16:08:02 - mesh_generation - DEBUG - iteration 15
16:08:04 - mesh_generation - DEBUG - iteration 16
16:08:06 - mesh_generation - DEBUG - iteration 17
16:08:08 - mesh_generation - DEBUG - iteration 18
16:08:10 - mesh_generation - DEBUG - iteration 19
16:08:12 - mesh_generation - DEBUG - iteration 20
16:08:14 - mesh_generation - DEBUG - iteration 21
16:08:17 - mesh_generation - DEBUG - iteration 22
16:08:19 - mesh_generation - DEBUG - iteration 23
16:08:21 - mesh_generation - DEBUG - iteration 24
16:08:24 - mesh_generation - DEBUG - iteration 25
16:08:27 - mesh_generation - DEBUG - iteration 26
16:08:30 - mesh_generation - DEBUG - iteration 27
16:08:34 - mesh_generation - DEBUG - iteration 28
16:08:38 - mesh_generation - DEBUG - iteration 29
16:08:42 - mesh_generation - DEBUG - iteration 30
16:08:46 - mesh_generation - DEBUG - iteration 31
16:08:50 - mesh_generation - INFO - [94mNo polyhedrons created. Process finished.[0m
16:10:23 - config - INFO - [92mFinished! Execution time: 2 minutes and 49 seconds[0m
