09:49:16 - config - INFO - [94mLog file initialized at: /home/alex/Desktop/mesh-gen/data/output/Cylinder_28-05-09-49/log.log[0m
09:49:16 - run - INFO - [94mOuput folder: /home/alex/Desktop/mesh-gen/data/output/Cylinder_28-05-09-49[0m
09:49:16 - run - INFO - [94mPickle file found in tmp folder. Using precomputed mesh[0m
09:49:16 - stl_generation - INFO - [94mLoading graph from pickle file: /home/alex/Desktop/mesh-gen/tmp/G.pickle[0m
09:49:16 - stl_generation - INFO - [94mInitialized mesh generation process[0m
09:49:16 - stl_generation - INFO - [94mGenerating polygons in edges...[0m
09:49:16 - stl_generation - INFO - [94mFixing mesh in process...[0m
09:49:16 - stl_generation - DEBUG - Fixing mesh completed. 0 edges removes.
09:49:16 - stl_generation - INFO - [94mGenerating vertices hulls...[0m
09:49:16 - stl_generation - INFO - [94mGenerating struts...[0m
09:49:17 - stl_generation - INFO - [94mGenerating mesh...[0m
09:49:17 - stl_generation - WARNING - [93mError while subdividing the mesh: Some edges are shared by more than 2 faces. Retrying with half of loops.[0m
09:49:17 - stl_generation - WARNING - [93mError while subdividing the mesh again: Some edges are shared by more than 2 faces. No subdivision can be made. Saving the original mesh.[0m
09:49:22 - stl_generation - INFO - [92mMesh saved at /home/alex/Desktop/mesh-gen/data/output/Cylinder_28-05-09-49[0m
09:49:22 - config - INFO - [92mFinished! Execution time: 0 minutes and 5 seconds[0m
09:49:28 - config - INFO - [94mLog file initialized at: /home/alex/Desktop/mesh-gen/data/output/Cylinder_28-05-09-49/log.log[0m
09:49:28 - run - INFO - [94mOuput folder: /home/alex/Desktop/mesh-gen/data/output/Cylinder_28-05-09-49[0m
09:49:28 - run - INFO - [94mProcessing file: /home/alex/Desktop/mesh-gen/data/Cylinder.stl[0m
09:49:28 - mesh_generation - INFO - [94mInitial pore area: 10 mm² and initial radius: 4.805622828269509 mm[0m
09:49:28 - mesh_generation - DEBUG - Initial number of simplices: 30
09:49:28 - mesh_generation - DEBUG - iteration 1
09:49:28 - mesh_generation - DEBUG - iteration 2
09:49:29 - mesh_generation - DEBUG - iteration 3
09:49:29 - mesh_generation - DEBUG - iteration 4
09:49:29 - mesh_generation - DEBUG - iteration 5
09:49:29 - mesh_generation - DEBUG - iteration 6
09:49:30 - mesh_generation - DEBUG - iteration 7
09:49:30 - mesh_generation - INFO - [94mNo polyhedrons created. Process finished.[0m
09:49:35 - mesh_generation - INFO - [94mGraph saved in /home/alex/Desktop/mesh-gen/data/output/Cylinder_28-05-09-49/G.pickle[0m
09:49:35 - stl_generation - INFO - [94mLoading graph from pickle file: /home/alex/Desktop/mesh-gen/data/output/Cylinder_28-05-09-49/G.pickle[0m
09:49:35 - stl_generation - INFO - [94mInitialized mesh generation process[0m
09:49:35 - stl_generation - INFO - [94mGenerating polygons in edges...[0m
09:49:35 - stl_generation - INFO - [94mFixing mesh in process...[0m
09:49:35 - stl_generation - DEBUG - Fixing mesh completed. 0 edges removes.
09:49:35 - stl_generation - INFO - [94mGenerating vertices hulls...[0m
09:49:36 - stl_generation - INFO - [94mGenerating struts...[0m
09:49:36 - stl_generation - INFO - [94mGenerating mesh...[0m
09:49:36 - stl_generation - WARNING - [93mError while subdividing the mesh: Some edges are shared by more than 2 faces. Retrying with half of loops.[0m
09:49:36 - stl_generation - WARNING - [93mError while subdividing the mesh again: Some edges are shared by more than 2 faces. No subdivision can be made. Saving the original mesh.[0m
09:49:39 - stl_generation - INFO - [92mMesh saved at /home/alex/Desktop/mesh-gen/data/output/Cylinder_28-05-09-49[0m
09:49:39 - config - INFO - [92mFinished! Execution time: 0 minutes and 11 seconds[0m
