19:47:37 - logger - INFO - [94mLog file initialized at: /home/alex/Desktop/mesh-gen/data/output/c3040_09-03-19-47/log.log[0m
19:47:37 - run - INFO - [94mOuput folder: /home/alex/Desktop/mesh-gen/data/output/c3040_09-03-19-47[0m
19:47:37 - run - INFO - [94mProcessing file: /home/alex/Desktop/mesh-gen/data/c3040.stl[0m
19:47:37 - mesh_generation - INFO - [94mInitial pore area: 15 mm² and initial radius: 5.885661912765424 mm[0m
19:47:37 - mesh_generation - DEBUG - Initial number of simplices: 46
19:47:38 - mesh_generation - DEBUG - iteration 1
19:47:39 - mesh_generation - DEBUG - iteration 2
19:47:39 - mesh_generation - DEBUG - iteration 3
19:47:40 - mesh_generation - DEBUG - iteration 4
19:47:41 - mesh_generation - DEBUG - iteration 5
19:47:42 - mesh_generation - DEBUG - iteration 6
19:47:42 - mesh_generation - DEBUG - iteration 7
19:47:43 - mesh_generation - INFO - [94mNo polyhedrons created. Process finished.[0m
19:47:43 - mesh_generation - INFO - [94mGraph saved in /home/alex/Desktop/mesh-gen/data/output/c3040_09-03-19-47/G.pickle[0m
19:47:43 - mesh_generation - INFO - [94mAdjacency matrix and connectivity arrays saved in                          /home/alex/Desktop/mesh-gen/data/output/c3040_09-03-19-47/adjacency_matrix.npz[0m
19:47:43 - stl_generation - INFO - [94mLoading graph from pickle file: /home/alex/Desktop/mesh-gen/data/output/c3040_09-03-19-47/G.pickle[0m
19:47:43 - stl_generation - INFO - [94mInitialized mesh generation process[0m
19:47:43 - stl_generation - INFO - [94mGenerating polygons in edges...[0m
19:47:44 - stl_generation - INFO - [94mFixing mesh in process...[0m
19:47:45 - stl_generation - DEBUG - Fixing mesh completed. 162 edges removes.
19:47:45 - stl_generation - INFO - [94mGenerating vertices hulls...[0m
19:47:46 - stl_generation - INFO - [94mGenerating struts...[0m
19:47:48 - stl_generation - INFO - [94mGenerating mesh...[0m
19:47:48 - stl_generation - WARNING - [93mError while subdividing the mesh: Some edges are shared by more than 2 faces. Retrying with half of loops.[0m
19:47:49 - stl_generation - WARNING - [93mError while subdividing the mesh again: Some edges are shared by more than 2 faces. No subdivision can be made. Saving the original mesh.[0m
19:47:49 - stl_generation - INFO - [92mMesh saved at /home/alex/Desktop/mesh-gen/data/output/c3040_09-03-19-47[0m
19:47:49 - logger - INFO - [92mFinished! Execution time: 0 minutes and 11 seconds[0m
