20:28:02 - logger - INFO - [94mLog file initialized at: /home/alex/Desktop/mesh-gen/data/output/c3040_09-03-20-28/log.log[0m
20:28:02 - run - INFO - [94mOuput folder: /home/alex/Desktop/mesh-gen/data/output/c3040_09-03-20-28[0m
20:28:02 - run - INFO - [94mProcessing file: /home/alex/Desktop/mesh-gen/data/c3040.stl[0m
20:28:02 - mesh_generation - INFO - [94mInitial pore area: 3.3333333333333335 mmÂ˛ and initial radius: 3.398088489694245 mm[0m
20:28:03 - mesh_generation - DEBUG - Initial number of simplices: 206
20:28:05 - mesh_generation - DEBUG - iteration 1
20:28:09 - mesh_generation - DEBUG - iteration 2
20:28:13 - mesh_generation - DEBUG - iteration 3
20:28:17 - mesh_generation - DEBUG - iteration 4
20:28:21 - mesh_generation - DEBUG - iteration 5
20:28:25 - mesh_generation - DEBUG - iteration 6
20:28:29 - mesh_generation - DEBUG - iteration 7
20:28:33 - mesh_generation - DEBUG - iteration 8
20:28:37 - mesh_generation - DEBUG - iteration 9
20:28:41 - mesh_generation - DEBUG - iteration 10
20:28:45 - mesh_generation - DEBUG - iteration 11
20:28:48 - mesh_generation - DEBUG - iteration 12
20:28:53 - mesh_generation - DEBUG - iteration 13
20:28:57 - mesh_generation - DEBUG - iteration 14
20:29:02 - mesh_generation - INFO - [94mNo polyhedrons created. Process finished.[0m
20:29:04 - mesh_generation - INFO - [94mGraph saved in /home/alex/Desktop/mesh-gen/data/output/c3040_09-03-20-28/G.pickle[0m
20:29:06 - mesh_generation - INFO - [94mAdjacency matrix and connectivity arrays saved in                          /home/alex/Desktop/mesh-gen/data/output/c3040_09-03-20-28/adjacency_matrix.npz[0m
20:29:06 - stl_generation - INFO - [94mLoading graph from pickle file: /home/alex/Desktop/mesh-gen/data/output/c3040_09-03-20-28/G.pickle[0m
20:29:06 - stl_generation - INFO - [94mInitialized mesh generation process[0m
20:29:06 - stl_generation - INFO - [94mGenerating polygons in edges...[0m
20:29:10 - stl_generation - INFO - [94mFixing mesh in process...[0m
20:29:34 - stl_generation - DEBUG - Fixing mesh completed. 5463 edges removes.
20:29:36 - stl_generation - INFO - [94mGenerating vertices hulls...[0m
20:29:43 - stl_generation - INFO - [94mGenerating struts...[0m
20:29:55 - stl_generation - INFO - [94mGenerating mesh...[0m
20:29:56 - stl_generation - WARNING - [93mError while subdividing the mesh: Some edges are shared by more than 2 faces. Retrying with half of loops.[0m
20:29:56 - stl_generation - WARNING - [93mError while subdividing the mesh again: Some edges are shared by more than 2 faces. No subdivision can be made. Saving the original mesh.[0m
20:29:56 - stl_generation - INFO - [92mMesh saved at /home/alex/Desktop/mesh-gen/data/output/c3040_09-03-20-28[0m
20:29:57 - logger - INFO - [92mFinished! Execution time: 1 minutes and 54 seconds[0m
